CRITICAL - 2023-05-10 00:52:38 --> ini_set(): Session ini settings cannot be changed after headers have already been sent
in SYSTEMPATH\Session\Handlers\FileHandler.php on line 72.
 1 [internal function]: CodeIgniter\Debug\Exceptions->errorHandler(2, 'ini_set(): Session ini settings cannot be changed after headers have already been sent', 'C:\\xampp\\htdocs\\ventaspintura\\system\\Session\\Handlers\\FileHandler.php', 72)
 2 SYSTEMPATH\Session\Handlers\FileHandler.php(72): ini_set('session.save_path', 'C:\\xampp\\htdocs\\ventaspintura\\writable\\session')
 3 SYSTEMPATH\Config\Services.php(667): CodeIgniter\Session\Handlers\FileHandler->__construct(Object(Config\App), '::1')
 4 SYSTEMPATH\Config\BaseService.php(252): CodeIgniter\Config\Services::session(Object(Config\App), false)
 5 SYSTEMPATH\Config\BaseService.php(193): CodeIgniter\Config\BaseService::__callStatic('session', [...])
 6 SYSTEMPATH\Config\Services.php(641): CodeIgniter\Config\BaseService::getSharedInstance('session', null)
 7 SYSTEMPATH\Config\BaseService.php(252): CodeIgniter\Config\Services::session()
 8 SYSTEMPATH\Common.php(988): CodeIgniter\Config\BaseService::__callStatic('session', [])
 9 APPPATH\Filters\VerificarSesion.php(12): session()
10 SYSTEMPATH\Filters\Filters.php(173): App\Filters\VerificarSesion->before(Object(CodeIgniter\HTTP\IncomingRequest), null)
11 SYSTEMPATH\CodeIgniter.php(473): CodeIgniter\Filters\Filters->run('guardarUsuario', 'before')
12 SYSTEMPATH\CodeIgniter.php(368): CodeIgniter\CodeIgniter->handleRequest(null, Object(Config\Cache), false)
13 FCPATH\index.php(67): CodeIgniter\CodeIgniter->run()
CRITICAL - 2023-05-10 01:16:06 --> The original file is not a valid file.
in SYSTEMPATH\HTTP\Files\UploadedFile.php on line 137.
 1 SYSTEMPATH\HTTP\Files\UploadedFile.php(137): CodeIgniter\HTTP\Exceptions\HTTPException::forInvalidFile()
 2 APPPATH\Controllers\User.php(78): CodeIgniter\HTTP\Files\UploadedFile->move('../public/users/img/', '1683681366_f27406501aef59cd482c')
 3 SYSTEMPATH\CodeIgniter.php(934): App\Controllers\User->guardar()
 4 SYSTEMPATH\CodeIgniter.php(499): CodeIgniter\CodeIgniter->runController(Object(App\Controllers\User))
 5 SYSTEMPATH\CodeIgniter.php(368): CodeIgniter\CodeIgniter->handleRequest(null, Object(Config\Cache), false)
 6 FCPATH\index.php(67): CodeIgniter\CodeIgniter->run()
CRITICAL - 2023-05-10 01:29:58 --> Call to undefined function App\Controllers\getPost()
in APPPATH\Controllers\User.php on line 44.
 1 SYSTEMPATH\CodeIgniter.php(934): App\Controllers\User->guardar()
 2 SYSTEMPATH\CodeIgniter.php(499): CodeIgniter\CodeIgniter->runController(Object(App\Controllers\User))
 3 SYSTEMPATH\CodeIgniter.php(368): CodeIgniter\CodeIgniter->handleRequest(null, Object(Config\Cache), false)
 4 FCPATH\index.php(67): CodeIgniter\CodeIgniter->run()
CRITICAL - 2023-05-10 01:30:05 --> Call to undefined function App\Controllers\getPost()
in APPPATH\Controllers\User.php on line 44.
 1 SYSTEMPATH\CodeIgniter.php(934): App\Controllers\User->guardar()
 2 SYSTEMPATH\CodeIgniter.php(499): CodeIgniter\CodeIgniter->runController(Object(App\Controllers\User))
 3 SYSTEMPATH\CodeIgniter.php(368): CodeIgniter\CodeIgniter->handleRequest(null, Object(Config\Cache), false)
 4 FCPATH\index.php(67): CodeIgniter\CodeIgniter->run()
CRITICAL - 2023-05-10 01:36:18 --> The original file is not a valid file.
in SYSTEMPATH\HTTP\Files\UploadedFile.php on line 137.
 1 SYSTEMPATH\HTTP\Files\UploadedFile.php(137): CodeIgniter\HTTP\Exceptions\HTTPException::forInvalidFile()
 2 APPPATH\Controllers\User.php(86): CodeIgniter\HTTP\Files\UploadedFile->move('../public/users/img/', '1683682578_4d3aa7e78613ffa96668')
 3 SYSTEMPATH\CodeIgniter.php(934): App\Controllers\User->guardar()
 4 SYSTEMPATH\CodeIgniter.php(499): CodeIgniter\CodeIgniter->runController(Object(App\Controllers\User))
 5 SYSTEMPATH\CodeIgniter.php(368): CodeIgniter\CodeIgniter->handleRequest(null, Object(Config\Cache), false)
 6 FCPATH\index.php(67): CodeIgniter\CodeIgniter->run()
CRITICAL - 2023-05-10 01:36:27 --> The original file is not a valid file.
in SYSTEMPATH\HTTP\Files\UploadedFile.php on line 137.
 1 SYSTEMPATH\HTTP\Files\UploadedFile.php(137): CodeIgniter\HTTP\Exceptions\HTTPException::forInvalidFile()
 2 APPPATH\Controllers\User.php(86): CodeIgniter\HTTP\Files\UploadedFile->move('../public/users/img/', '1683682587_a3d7a8021c67b8fc7dac')
 3 SYSTEMPATH\CodeIgniter.php(934): App\Controllers\User->guardar()
 4 SYSTEMPATH\CodeIgniter.php(499): CodeIgniter\CodeIgniter->runController(Object(App\Controllers\User))
 5 SYSTEMPATH\CodeIgniter.php(368): CodeIgniter\CodeIgniter->handleRequest(null, Object(Config\Cache), false)
 6 FCPATH\index.php(67): CodeIgniter\CodeIgniter->run()
CRITICAL - 2023-05-10 01:38:01 --> The original file is not a valid file.
in SYSTEMPATH\HTTP\Files\UploadedFile.php on line 137.
 1 SYSTEMPATH\HTTP\Files\UploadedFile.php(137): CodeIgniter\HTTP\Exceptions\HTTPException::forInvalidFile()
 2 APPPATH\Controllers\User.php(81): CodeIgniter\HTTP\Files\UploadedFile->move('../public/users/img/', '1683682681_63bdf1b7c2ddc95f8e54')
 3 SYSTEMPATH\CodeIgniter.php(934): App\Controllers\User->guardar()
 4 SYSTEMPATH\CodeIgniter.php(499): CodeIgniter\CodeIgniter->runController(Object(App\Controllers\User))
 5 SYSTEMPATH\CodeIgniter.php(368): CodeIgniter\CodeIgniter->handleRequest(null, Object(Config\Cache), false)
 6 FCPATH\index.php(67): CodeIgniter\CodeIgniter->run()
CRITICAL - 2023-05-10 01:42:04 --> Can't use method return value in write context
in APPPATH\Controllers\User.php on line 33.
 1 [internal function]: CodeIgniter\Debug\Exceptions->shutdownHandler()
CRITICAL - 2023-05-10 01:42:32 --> syntax error, unexpected variable "$this", expecting "("
in APPPATH\Controllers\User.php on line 61.
 1 SYSTEMPATH\Autoloader\Autoloader.php(289): CodeIgniter\Autoloader\Autoloader->includeFile('C:\\xampp\\htdocs\\ventaspintura\\app\\Controllers\\User.php')
 2 SYSTEMPATH\Autoloader\Autoloader.php(267): CodeIgniter\Autoloader\Autoloader->loadInNamespace('App\\Controllers\\User')
 3 [internal function]: CodeIgniter\Autoloader\Autoloader->loadClass('App\\Controllers\\User')
 4 SYSTEMPATH\CodeIgniter.php(892): class_exists('\\App\\Controllers\\User', true)
 5 SYSTEMPATH\CodeIgniter.php(486): CodeIgniter\CodeIgniter->startController()
 6 SYSTEMPATH\CodeIgniter.php(368): CodeIgniter\CodeIgniter->handleRequest(null, Object(Config\Cache), false)
 7 FCPATH\index.php(67): CodeIgniter\CodeIgniter->run()
CRITICAL - 2023-05-10 01:42:33 --> syntax error, unexpected variable "$this", expecting "("
in APPPATH\Controllers\User.php on line 61.
 1 SYSTEMPATH\Autoloader\Autoloader.php(289): CodeIgniter\Autoloader\Autoloader->includeFile('C:\\xampp\\htdocs\\ventaspintura\\app\\Controllers\\User.php')
 2 SYSTEMPATH\Autoloader\Autoloader.php(267): CodeIgniter\Autoloader\Autoloader->loadInNamespace('App\\Controllers\\User')
 3 [internal function]: CodeIgniter\Autoloader\Autoloader->loadClass('App\\Controllers\\User')
 4 SYSTEMPATH\CodeIgniter.php(892): class_exists('\\App\\Controllers\\User', true)
 5 SYSTEMPATH\CodeIgniter.php(486): CodeIgniter\CodeIgniter->startController()
 6 SYSTEMPATH\CodeIgniter.php(368): CodeIgniter\CodeIgniter->handleRequest(null, Object(Config\Cache), false)
 7 FCPATH\index.php(67): CodeIgniter\CodeIgniter->run()
CRITICAL - 2023-05-10 01:42:49 --> syntax error, unexpected variable "$this", expecting "("
in APPPATH\Controllers\User.php on line 61.
 1 SYSTEMPATH\Autoloader\Autoloader.php(289): CodeIgniter\Autoloader\Autoloader->includeFile('C:\\xampp\\htdocs\\ventaspintura\\app\\Controllers\\User.php')
 2 SYSTEMPATH\Autoloader\Autoloader.php(267): CodeIgniter\Autoloader\Autoloader->loadInNamespace('App\\Controllers\\User')
 3 [internal function]: CodeIgniter\Autoloader\Autoloader->loadClass('App\\Controllers\\User')
 4 SYSTEMPATH\CodeIgniter.php(892): class_exists('\\App\\Controllers\\User', true)
 5 SYSTEMPATH\CodeIgniter.php(486): CodeIgniter\CodeIgniter->startController()
 6 SYSTEMPATH\CodeIgniter.php(368): CodeIgniter\CodeIgniter->handleRequest(null, Object(Config\Cache), false)
 7 FCPATH\index.php(67): CodeIgniter\CodeIgniter->run()
CRITICAL - 2023-05-10 01:51:06 --> Call to undefined method CodeIgniter\HTTP\Files\UploadedFile::hasFile()
in APPPATH\Controllers\User.php on line 62.
 1 SYSTEMPATH\CodeIgniter.php(934): App\Controllers\User->guardar()
 2 SYSTEMPATH\CodeIgniter.php(499): CodeIgniter\CodeIgniter->runController(Object(App\Controllers\User))
 3 SYSTEMPATH\CodeIgniter.php(368): CodeIgniter\CodeIgniter->handleRequest(null, Object(Config\Cache), false)
 4 FCPATH\index.php(67): CodeIgniter\CodeIgniter->run()
CRITICAL - 2023-05-10 01:57:54 --> The original file is not a valid file.
in SYSTEMPATH\HTTP\Files\UploadedFile.php on line 137.
 1 SYSTEMPATH\HTTP\Files\UploadedFile.php(137): CodeIgniter\HTTP\Exceptions\HTTPException::forInvalidFile()
 2 APPPATH\Controllers\User.php(80): CodeIgniter\HTTP\Files\UploadedFile->move('../public/users/img/', '1683683874_5fc378d6b454fbab4639')
 3 SYSTEMPATH\CodeIgniter.php(934): App\Controllers\User->guardar()
 4 SYSTEMPATH\CodeIgniter.php(499): CodeIgniter\CodeIgniter->runController(Object(App\Controllers\User))
 5 SYSTEMPATH\CodeIgniter.php(368): CodeIgniter\CodeIgniter->handleRequest(null, Object(Config\Cache), false)
 6 FCPATH\index.php(67): CodeIgniter\CodeIgniter->run()
CRITICAL - 2023-05-10 01:58:49 --> The original file is not a valid file.
in SYSTEMPATH\HTTP\Files\UploadedFile.php on line 137.
 1 SYSTEMPATH\HTTP\Files\UploadedFile.php(137): CodeIgniter\HTTP\Exceptions\HTTPException::forInvalidFile()
 2 APPPATH\Controllers\User.php(80): CodeIgniter\HTTP\Files\UploadedFile->move('../public/users/img/', '1683683929_8f5c5c26db5cf6222a8e')
 3 SYSTEMPATH\CodeIgniter.php(934): App\Controllers\User->guardar()
 4 SYSTEMPATH\CodeIgniter.php(499): CodeIgniter\CodeIgniter->runController(Object(App\Controllers\User))
 5 SYSTEMPATH\CodeIgniter.php(368): CodeIgniter\CodeIgniter->handleRequest(null, Object(Config\Cache), false)
 6 FCPATH\index.php(67): CodeIgniter\CodeIgniter->run()
CRITICAL - 2023-05-10 02:00:25 --> The original file is not a valid file.
in SYSTEMPATH\HTTP\Files\UploadedFile.php on line 137.
 1 SYSTEMPATH\HTTP\Files\UploadedFile.php(137): CodeIgniter\HTTP\Exceptions\HTTPException::forInvalidFile()
 2 APPPATH\Controllers\User.php(75): CodeIgniter\HTTP\Files\UploadedFile->move('../public/users/img/', '1683684025_3159d6fca4ea8f37479c')
 3 SYSTEMPATH\CodeIgniter.php(934): App\Controllers\User->guardar()
 4 SYSTEMPATH\CodeIgniter.php(499): CodeIgniter\CodeIgniter->runController(Object(App\Controllers\User))
 5 SYSTEMPATH\CodeIgniter.php(368): CodeIgniter\CodeIgniter->handleRequest(null, Object(Config\Cache), false)
 6 FCPATH\index.php(67): CodeIgniter\CodeIgniter->run()
CRITICAL - 2023-05-10 02:00:35 --> The original file is not a valid file.
in SYSTEMPATH\HTTP\Files\UploadedFile.php on line 137.
 1 SYSTEMPATH\HTTP\Files\UploadedFile.php(137): CodeIgniter\HTTP\Exceptions\HTTPException::forInvalidFile()
 2 APPPATH\Controllers\User.php(75): CodeIgniter\HTTP\Files\UploadedFile->move('../public/users/img/', '1683684035_26f3e99b7f38b2323aff')
 3 SYSTEMPATH\CodeIgniter.php(934): App\Controllers\User->guardar()
 4 SYSTEMPATH\CodeIgniter.php(499): CodeIgniter\CodeIgniter->runController(Object(App\Controllers\User))
 5 SYSTEMPATH\CodeIgniter.php(368): CodeIgniter\CodeIgniter->handleRequest(null, Object(Config\Cache), false)
 6 FCPATH\index.php(67): CodeIgniter\CodeIgniter->run()
CRITICAL - 2023-05-10 02:01:01 --> The original file is not a valid file.
in SYSTEMPATH\HTTP\Files\UploadedFile.php on line 137.
 1 SYSTEMPATH\HTTP\Files\UploadedFile.php(137): CodeIgniter\HTTP\Exceptions\HTTPException::forInvalidFile()
 2 APPPATH\Controllers\User.php(75): CodeIgniter\HTTP\Files\UploadedFile->move('../public/users/img/', '1683684061_5f676bc91925cea5f441')
 3 SYSTEMPATH\CodeIgniter.php(934): App\Controllers\User->guardar()
 4 SYSTEMPATH\CodeIgniter.php(499): CodeIgniter\CodeIgniter->runController(Object(App\Controllers\User))
 5 SYSTEMPATH\CodeIgniter.php(368): CodeIgniter\CodeIgniter->handleRequest(null, Object(Config\Cache), false)
 6 FCPATH\index.php(67): CodeIgniter\CodeIgniter->run()
CRITICAL - 2023-05-10 02:01:01 --> The original file is not a valid file.
in SYSTEMPATH\HTTP\Files\UploadedFile.php on line 137.
 1 SYSTEMPATH\HTTP\Files\UploadedFile.php(137): CodeIgniter\HTTP\Exceptions\HTTPException::forInvalidFile()
 2 APPPATH\Controllers\User.php(75): CodeIgniter\HTTP\Files\UploadedFile->move('../public/users/img/', '1683684061_36ff14d684f00be0d2d3')
 3 SYSTEMPATH\CodeIgniter.php(934): App\Controllers\User->guardar()
 4 SYSTEMPATH\CodeIgniter.php(499): CodeIgniter\CodeIgniter->runController(Object(App\Controllers\User))
 5 SYSTEMPATH\CodeIgniter.php(368): CodeIgniter\CodeIgniter->handleRequest(null, Object(Config\Cache), false)
 6 FCPATH\index.php(67): CodeIgniter\CodeIgniter->run()
CRITICAL - 2023-05-10 02:03:12 --> The original file is not a valid file.
in SYSTEMPATH\HTTP\Files\UploadedFile.php on line 137.
 1 SYSTEMPATH\HTTP\Files\UploadedFile.php(137): CodeIgniter\HTTP\Exceptions\HTTPException::forInvalidFile()
 2 APPPATH\Controllers\User.php(73): CodeIgniter\HTTP\Files\UploadedFile->move('../public/users/img/', '1683684192_dbc886dfe3d39b7fd7b8')
 3 SYSTEMPATH\CodeIgniter.php(934): App\Controllers\User->guardar()
 4 SYSTEMPATH\CodeIgniter.php(499): CodeIgniter\CodeIgniter->runController(Object(App\Controllers\User))
 5 SYSTEMPATH\CodeIgniter.php(368): CodeIgniter\CodeIgniter->handleRequest(null, Object(Config\Cache), false)
 6 FCPATH\index.php(67): CodeIgniter\CodeIgniter->run()
CRITICAL - 2023-05-10 02:03:22 --> The original file is not a valid file.
in SYSTEMPATH\HTTP\Files\UploadedFile.php on line 137.
 1 SYSTEMPATH\HTTP\Files\UploadedFile.php(137): CodeIgniter\HTTP\Exceptions\HTTPException::forInvalidFile()
 2 APPPATH\Controllers\User.php(73): CodeIgniter\HTTP\Files\UploadedFile->move('../public/users/img/', '1683684202_7742d6ce427a216f458f')
 3 SYSTEMPATH\CodeIgniter.php(934): App\Controllers\User->guardar()
 4 SYSTEMPATH\CodeIgniter.php(499): CodeIgniter\CodeIgniter->runController(Object(App\Controllers\User))
 5 SYSTEMPATH\CodeIgniter.php(368): CodeIgniter\CodeIgniter->handleRequest(null, Object(Config\Cache), false)
 6 FCPATH\index.php(67): CodeIgniter\CodeIgniter->run()
CRITICAL - 2023-05-10 02:28:51 --> syntax error, unexpected token ")"
in APPPATH\Controllers\User.php on line 92.
 1 SYSTEMPATH\Autoloader\Autoloader.php(289): CodeIgniter\Autoloader\Autoloader->includeFile('C:\\xampp\\htdocs\\ventaspintura\\app\\Controllers\\User.php')
 2 SYSTEMPATH\Autoloader\Autoloader.php(267): CodeIgniter\Autoloader\Autoloader->loadInNamespace('App\\Controllers\\User')
 3 [internal function]: CodeIgniter\Autoloader\Autoloader->loadClass('App\\Controllers\\User')
 4 SYSTEMPATH\CodeIgniter.php(892): class_exists('\\App\\Controllers\\User', true)
 5 SYSTEMPATH\CodeIgniter.php(486): CodeIgniter\CodeIgniter->startController()
 6 SYSTEMPATH\CodeIgniter.php(368): CodeIgniter\CodeIgniter->handleRequest(null, Object(Config\Cache), false)
 7 FCPATH\index.php(67): CodeIgniter\CodeIgniter->run()
CRITICAL - 2023-05-10 02:28:56 --> syntax error, unexpected token ")"
in APPPATH\Controllers\User.php on line 92.
 1 SYSTEMPATH\Autoloader\Autoloader.php(289): CodeIgniter\Autoloader\Autoloader->includeFile('C:\\xampp\\htdocs\\ventaspintura\\app\\Controllers\\User.php')
 2 SYSTEMPATH\Autoloader\Autoloader.php(267): CodeIgniter\Autoloader\Autoloader->loadInNamespace('App\\Controllers\\User')
 3 [internal function]: CodeIgniter\Autoloader\Autoloader->loadClass('App\\Controllers\\User')
 4 SYSTEMPATH\CodeIgniter.php(892): class_exists('\\App\\Controllers\\User', true)
 5 SYSTEMPATH\CodeIgniter.php(486): CodeIgniter\CodeIgniter->startController()
 6 SYSTEMPATH\CodeIgniter.php(368): CodeIgniter\CodeIgniter->handleRequest(null, Object(Config\Cache), false)
 7 FCPATH\index.php(67): CodeIgniter\CodeIgniter->run()
CRITICAL - 2023-05-10 02:28:57 --> syntax error, unexpected token ")"
in APPPATH\Controllers\User.php on line 92.
 1 SYSTEMPATH\Autoloader\Autoloader.php(289): CodeIgniter\Autoloader\Autoloader->includeFile('C:\\xampp\\htdocs\\ventaspintura\\app\\Controllers\\User.php')
 2 SYSTEMPATH\Autoloader\Autoloader.php(267): CodeIgniter\Autoloader\Autoloader->loadInNamespace('App\\Controllers\\User')
 3 [internal function]: CodeIgniter\Autoloader\Autoloader->loadClass('App\\Controllers\\User')
 4 SYSTEMPATH\CodeIgniter.php(892): class_exists('\\App\\Controllers\\User', true)
 5 SYSTEMPATH\CodeIgniter.php(486): CodeIgniter\CodeIgniter->startController()
 6 SYSTEMPATH\CodeIgniter.php(368): CodeIgniter\CodeIgniter->handleRequest(null, Object(Config\Cache), false)
 7 FCPATH\index.php(67): CodeIgniter\CodeIgniter->run()
CRITICAL - 2023-05-10 02:29:02 --> syntax error, unexpected token ")"
in APPPATH\Controllers\User.php on line 92.
 1 SYSTEMPATH\Autoloader\Autoloader.php(289): CodeIgniter\Autoloader\Autoloader->includeFile('C:\\xampp\\htdocs\\ventaspintura\\app\\Controllers\\User.php')
 2 SYSTEMPATH\Autoloader\Autoloader.php(267): CodeIgniter\Autoloader\Autoloader->loadInNamespace('App\\Controllers\\User')
 3 [internal function]: CodeIgniter\Autoloader\Autoloader->loadClass('App\\Controllers\\User')
 4 SYSTEMPATH\CodeIgniter.php(892): class_exists('\\App\\Controllers\\User', true)
 5 SYSTEMPATH\CodeIgniter.php(486): CodeIgniter\CodeIgniter->startController()
 6 SYSTEMPATH\CodeIgniter.php(368): CodeIgniter\CodeIgniter->handleRequest(null, Object(Config\Cache), false)
 7 FCPATH\index.php(67): CodeIgniter\CodeIgniter->run()
CRITICAL - 2023-05-10 02:29:03 --> syntax error, unexpected token ")"
in APPPATH\Controllers\User.php on line 92.
 1 SYSTEMPATH\Autoloader\Autoloader.php(289): CodeIgniter\Autoloader\Autoloader->includeFile('C:\\xampp\\htdocs\\ventaspintura\\app\\Controllers\\User.php')
 2 SYSTEMPATH\Autoloader\Autoloader.php(267): CodeIgniter\Autoloader\Autoloader->loadInNamespace('App\\Controllers\\User')
 3 [internal function]: CodeIgniter\Autoloader\Autoloader->loadClass('App\\Controllers\\User')
 4 SYSTEMPATH\CodeIgniter.php(892): class_exists('\\App\\Controllers\\User', true)
 5 SYSTEMPATH\CodeIgniter.php(486): CodeIgniter\CodeIgniter->startController()
 6 SYSTEMPATH\CodeIgniter.php(368): CodeIgniter\CodeIgniter->handleRequest(null, Object(Config\Cache), false)
 7 FCPATH\index.php(67): CodeIgniter\CodeIgniter->run()
CRITICAL - 2023-05-10 02:29:13 --> Undefined variable $session
in APPPATH\Views\usuarios\index.php on line 3.
 1 APPPATH\Views\usuarios\index.php(3): CodeIgniter\Debug\Exceptions->errorHandler(2, 'Undefined variable $session', 'C:\\xampp\\htdocs\\ventaspintura\\app\\Views\\usuarios\\index.php', 3)
 2 SYSTEMPATH\View\View.php(213): include('C:\\xampp\\htdocs\\ventaspintura\\app\\Views\\usuarios\\index.php')
 3 SYSTEMPATH\View\View.php(216): CodeIgniter\View\View->CodeIgniter\View\{closure}()
 4 SYSTEMPATH\Common.php(1184): CodeIgniter\View\View->render('usuarios/index', [], true)
 5 APPPATH\Controllers\User.php(16): view('usuarios/index', [...])
 6 SYSTEMPATH\CodeIgniter.php(934): App\Controllers\User->index()
 7 SYSTEMPATH\CodeIgniter.php(499): CodeIgniter\CodeIgniter->runController(Object(App\Controllers\User))
 8 SYSTEMPATH\CodeIgniter.php(368): CodeIgniter\CodeIgniter->handleRequest(null, Object(Config\Cache), false)
 9 FCPATH\index.php(67): CodeIgniter\CodeIgniter->run()
CRITICAL - 2023-05-10 02:32:25 --> Undefined variable $session
in APPPATH\Views\usuarios\index.php on line 3.
 1 APPPATH\Views\usuarios\index.php(3): CodeIgniter\Debug\Exceptions->errorHandler(2, 'Undefined variable $session', 'C:\\xampp\\htdocs\\ventaspintura\\app\\Views\\usuarios\\index.php', 3)
 2 SYSTEMPATH\View\View.php(213): include('C:\\xampp\\htdocs\\ventaspintura\\app\\Views\\usuarios\\index.php')
 3 SYSTEMPATH\View\View.php(216): CodeIgniter\View\View->CodeIgniter\View\{closure}()
 4 SYSTEMPATH\Common.php(1184): CodeIgniter\View\View->render('usuarios/index', [], true)
 5 APPPATH\Controllers\User.php(16): view('usuarios/index', [...])
 6 SYSTEMPATH\CodeIgniter.php(934): App\Controllers\User->index()
 7 SYSTEMPATH\CodeIgniter.php(499): CodeIgniter\CodeIgniter->runController(Object(App\Controllers\User))
 8 SYSTEMPATH\CodeIgniter.php(368): CodeIgniter\CodeIgniter->handleRequest(null, Object(Config\Cache), false)
 9 FCPATH\index.php(67): CodeIgniter\CodeIgniter->run()
CRITICAL - 2023-05-10 02:32:26 --> Undefined variable $session
in APPPATH\Views\usuarios\index.php on line 3.
 1 APPPATH\Views\usuarios\index.php(3): CodeIgniter\Debug\Exceptions->errorHandler(2, 'Undefined variable $session', 'C:\\xampp\\htdocs\\ventaspintura\\app\\Views\\usuarios\\index.php', 3)
 2 SYSTEMPATH\View\View.php(213): include('C:\\xampp\\htdocs\\ventaspintura\\app\\Views\\usuarios\\index.php')
 3 SYSTEMPATH\View\View.php(216): CodeIgniter\View\View->CodeIgniter\View\{closure}()
 4 SYSTEMPATH\Common.php(1184): CodeIgniter\View\View->render('usuarios/index', [], true)
 5 APPPATH\Controllers\User.php(16): view('usuarios/index', [...])
 6 SYSTEMPATH\CodeIgniter.php(934): App\Controllers\User->index()
 7 SYSTEMPATH\CodeIgniter.php(499): CodeIgniter\CodeIgniter->runController(Object(App\Controllers\User))
 8 SYSTEMPATH\CodeIgniter.php(368): CodeIgniter\CodeIgniter->handleRequest(null, Object(Config\Cache), false)
 9 FCPATH\index.php(67): CodeIgniter\CodeIgniter->run()
CRITICAL - 2023-05-10 02:32:47 --> Object of class CodeIgniter\Session\Session could not be converted to string
in APPPATH\Views\usuarios\index.php on line 4.
 1 SYSTEMPATH\View\View.php(213): include()
 2 SYSTEMPATH\View\View.php(216): CodeIgniter\View\View->CodeIgniter\View\{closure}()
 3 SYSTEMPATH\Common.php(1184): CodeIgniter\View\View->render('usuarios/index', [], true)
 4 APPPATH\Controllers\User.php(16): view('usuarios/index', [...])
 5 SYSTEMPATH\CodeIgniter.php(934): App\Controllers\User->index()
 6 SYSTEMPATH\CodeIgniter.php(499): CodeIgniter\CodeIgniter->runController(Object(App\Controllers\User))
 7 SYSTEMPATH\CodeIgniter.php(368): CodeIgniter\CodeIgniter->handleRequest(null, Object(Config\Cache), false)
 8 FCPATH\index.php(67): CodeIgniter\CodeIgniter->run()
CRITICAL - 2023-05-10 02:55:33 --> Undefined variable $titulo
in APPPATH\Views\usuarios\editar.php on line 2.
 1 APPPATH\Views\usuarios\editar.php(2): CodeIgniter\Debug\Exceptions->errorHandler(2, 'Undefined variable $titulo', 'C:\\xampp\\htdocs\\ventaspintura\\app\\Views\\usuarios\\editar.php', 2)
 2 SYSTEMPATH\View\View.php(213): include('C:\\xampp\\htdocs\\ventaspintura\\app\\Views\\usuarios\\editar.php')
 3 SYSTEMPATH\View\View.php(216): CodeIgniter\View\View->CodeIgniter\View\{closure}()
 4 SYSTEMPATH\Common.php(1184): CodeIgniter\View\View->render('usuarios/editar', [], true)
 5 APPPATH\Controllers\User.php(114): view('usuarios/editar')
 6 SYSTEMPATH\CodeIgniter.php(934): App\Controllers\User->editar('26')
 7 SYSTEMPATH\CodeIgniter.php(499): CodeIgniter\CodeIgniter->runController(Object(App\Controllers\User))
 8 SYSTEMPATH\CodeIgniter.php(368): CodeIgniter\CodeIgniter->handleRequest(null, Object(Config\Cache), false)
 9 FCPATH\index.php(67): CodeIgniter\CodeIgniter->run()
CRITICAL - 2023-05-10 02:55:34 --> Undefined variable $titulo
in APPPATH\Views\usuarios\editar.php on line 2.
 1 APPPATH\Views\usuarios\editar.php(2): CodeIgniter\Debug\Exceptions->errorHandler(2, 'Undefined variable $titulo', 'C:\\xampp\\htdocs\\ventaspintura\\app\\Views\\usuarios\\editar.php', 2)
 2 SYSTEMPATH\View\View.php(213): include('C:\\xampp\\htdocs\\ventaspintura\\app\\Views\\usuarios\\editar.php')
 3 SYSTEMPATH\View\View.php(216): CodeIgniter\View\View->CodeIgniter\View\{closure}()
 4 SYSTEMPATH\Common.php(1184): CodeIgniter\View\View->render('usuarios/editar', [], true)
 5 APPPATH\Controllers\User.php(114): view('usuarios/editar')
 6 SYSTEMPATH\CodeIgniter.php(934): App\Controllers\User->editar('26')
 7 SYSTEMPATH\CodeIgniter.php(499): CodeIgniter\CodeIgniter->runController(Object(App\Controllers\User))
 8 SYSTEMPATH\CodeIgniter.php(368): CodeIgniter\CodeIgniter->handleRequest(null, Object(Config\Cache), false)
 9 FCPATH\index.php(67): CodeIgniter\CodeIgniter->run()
CRITICAL - 2023-05-10 02:59:26 --> syntax error, unexpected token ";", expecting ")"
in APPPATH\Views\templates\admin_template.php on line 11.
 1 SYSTEMPATH\View\View.php(216): CodeIgniter\View\View->CodeIgniter\View\{closure}()
 2 SYSTEMPATH\View\View.php(229): CodeIgniter\View\View->render('templates/admin_template', [], true)
 3 SYSTEMPATH\Common.php(1184): CodeIgniter\View\View->render('usuarios/editar', [], true)
 4 APPPATH\Controllers\User.php(114): view('usuarios/editar', [...])
 5 SYSTEMPATH\CodeIgniter.php(934): App\Controllers\User->editar('26')
 6 SYSTEMPATH\CodeIgniter.php(499): CodeIgniter\CodeIgniter->runController(Object(App\Controllers\User))
 7 SYSTEMPATH\CodeIgniter.php(368): CodeIgniter\CodeIgniter->handleRequest(null, Object(Config\Cache), false)
 8 FCPATH\index.php(67): CodeIgniter\CodeIgniter->run()
CRITICAL - 2023-05-10 03:07:44 --> Object of class CodeIgniter\Session\Session could not be converted to string
in APPPATH\Views\templates\admin_template.php on line 176.
 1 SYSTEMPATH\View\View.php(213): include()
 2 SYSTEMPATH\View\View.php(216): CodeIgniter\View\View->CodeIgniter\View\{closure}()
 3 SYSTEMPATH\View\View.php(229): CodeIgniter\View\View->render('templates/admin_template', [], true)
 4 SYSTEMPATH\Common.php(1184): CodeIgniter\View\View->render('usuarios/index', [], true)
 5 APPPATH\Controllers\User.php(15): view('usuarios/index', [...])
 6 SYSTEMPATH\CodeIgniter.php(934): App\Controllers\User->index()
 7 SYSTEMPATH\CodeIgniter.php(499): CodeIgniter\CodeIgniter->runController(Object(App\Controllers\User))
 8 SYSTEMPATH\CodeIgniter.php(368): CodeIgniter\CodeIgniter->handleRequest(null, Object(Config\Cache), false)
 9 FCPATH\index.php(67): CodeIgniter\CodeIgniter->run()
CRITICAL - 2023-05-10 03:07:54 --> Undefined variable $session
in APPPATH\Views\templates\admin_template.php on line 176.
 1 APPPATH\Views\templates\admin_template.php(176): CodeIgniter\Debug\Exceptions->errorHandler(2, 'Undefined variable $session', 'C:\\xampp\\htdocs\\ventaspintura\\app\\Views\\templates\\admin_template.php', 176)
 2 SYSTEMPATH\View\View.php(213): include('C:\\xampp\\htdocs\\ventaspintura\\app\\Views\\templates\\admin_template.php')
 3 SYSTEMPATH\View\View.php(216): CodeIgniter\View\View->CodeIgniter\View\{closure}()
 4 SYSTEMPATH\View\View.php(229): CodeIgniter\View\View->render('templates/admin_template', [], true)
 5 SYSTEMPATH\Common.php(1184): CodeIgniter\View\View->render('usuarios/index', [], true)
 6 APPPATH\Controllers\User.php(15): view('usuarios/index', [...])
 7 SYSTEMPATH\CodeIgniter.php(934): App\Controllers\User->index()
 8 SYSTEMPATH\CodeIgniter.php(499): CodeIgniter\CodeIgniter->runController(Object(App\Controllers\User))
 9 SYSTEMPATH\CodeIgniter.php(368): CodeIgniter\CodeIgniter->handleRequest(null, Object(Config\Cache), false)
10 FCPATH\index.php(67): CodeIgniter\CodeIgniter->run()
CRITICAL - 2023-05-10 03:08:36 --> Undefined variable $session
in APPPATH\Views\templates\admin_template.php on line 176.
 1 APPPATH\Views\templates\admin_template.php(176): CodeIgniter\Debug\Exceptions->errorHandler(2, 'Undefined variable $session', 'C:\\xampp\\htdocs\\ventaspintura\\app\\Views\\templates\\admin_template.php', 176)
 2 SYSTEMPATH\View\View.php(213): include('C:\\xampp\\htdocs\\ventaspintura\\app\\Views\\templates\\admin_template.php')
 3 SYSTEMPATH\View\View.php(216): CodeIgniter\View\View->CodeIgniter\View\{closure}()
 4 SYSTEMPATH\View\View.php(229): CodeIgniter\View\View->render('templates/admin_template', [], true)
 5 SYSTEMPATH\Common.php(1184): CodeIgniter\View\View->render('usuarios/index', [], true)
 6 APPPATH\Controllers\User.php(15): view('usuarios/index', [...])
 7 SYSTEMPATH\CodeIgniter.php(934): App\Controllers\User->index()
 8 SYSTEMPATH\CodeIgniter.php(499): CodeIgniter\CodeIgniter->runController(Object(App\Controllers\User))
 9 SYSTEMPATH\CodeIgniter.php(368): CodeIgniter\CodeIgniter->handleRequest(null, Object(Config\Cache), false)
10 FCPATH\index.php(67): CodeIgniter\CodeIgniter->run()
CRITICAL - 2023-05-10 03:08:47 --> Object of class CodeIgniter\Session\Session could not be converted to string
in APPPATH\Views\templates\admin_template.php on line 176.
 1 SYSTEMPATH\View\View.php(213): include()
 2 SYSTEMPATH\View\View.php(216): CodeIgniter\View\View->CodeIgniter\View\{closure}()
 3 SYSTEMPATH\View\View.php(229): CodeIgniter\View\View->render('templates/admin_template', [], true)
 4 SYSTEMPATH\Common.php(1184): CodeIgniter\View\View->render('usuarios/index', [], true)
 5 APPPATH\Controllers\User.php(15): view('usuarios/index', [...])
 6 SYSTEMPATH\CodeIgniter.php(934): App\Controllers\User->index()
 7 SYSTEMPATH\CodeIgniter.php(499): CodeIgniter\CodeIgniter->runController(Object(App\Controllers\User))
 8 SYSTEMPATH\CodeIgniter.php(368): CodeIgniter\CodeIgniter->handleRequest(null, Object(Config\Cache), false)
 9 FCPATH\index.php(67): CodeIgniter\CodeIgniter->run()
CRITICAL - 2023-05-10 03:15:56 --> Undefined variable $data
in APPPATH\Views\templates\admin_template.php on line 179.
 1 APPPATH\Views\templates\admin_template.php(179): CodeIgniter\Debug\Exceptions->errorHandler(2, 'Undefined variable $data', 'C:\\xampp\\htdocs\\ventaspintura\\app\\Views\\templates\\admin_template.php', 179)
 2 SYSTEMPATH\View\View.php(213): include('C:\\xampp\\htdocs\\ventaspintura\\app\\Views\\templates\\admin_template.php')
 3 SYSTEMPATH\View\View.php(216): CodeIgniter\View\View->CodeIgniter\View\{closure}()
 4 SYSTEMPATH\View\View.php(229): CodeIgniter\View\View->render('templates/admin_template', [], true)
 5 SYSTEMPATH\Common.php(1184): CodeIgniter\View\View->render('Dashboard/index', [], true)
 6 APPPATH\Controllers\Dashboard.php(11): view('Dashboard/index', [...])
 7 SYSTEMPATH\CodeIgniter.php(934): App\Controllers\Dashboard->index()
 8 SYSTEMPATH\CodeIgniter.php(499): CodeIgniter\CodeIgniter->runController(Object(App\Controllers\Dashboard))
 9 SYSTEMPATH\CodeIgniter.php(368): CodeIgniter\CodeIgniter->handleRequest(null, Object(Config\Cache), false)
10 FCPATH\index.php(67): CodeIgniter\CodeIgniter->run()
CRITICAL - 2023-05-10 03:16:26 --> Undefined variable $data
in APPPATH\Views\templates\admin_template.php on line 179.
 1 APPPATH\Views\templates\admin_template.php(179): CodeIgniter\Debug\Exceptions->errorHandler(2, 'Undefined variable $data', 'C:\\xampp\\htdocs\\ventaspintura\\app\\Views\\templates\\admin_template.php', 179)
 2 SYSTEMPATH\View\View.php(213): include('C:\\xampp\\htdocs\\ventaspintura\\app\\Views\\templates\\admin_template.php')
 3 SYSTEMPATH\View\View.php(216): CodeIgniter\View\View->CodeIgniter\View\{closure}()
 4 SYSTEMPATH\View\View.php(229): CodeIgniter\View\View->render('templates/admin_template', [], true)
 5 SYSTEMPATH\Common.php(1184): CodeIgniter\View\View->render('Dashboard/index', [], true)
 6 APPPATH\Controllers\Dashboard.php(11): view('Dashboard/index', [...])
 7 SYSTEMPATH\CodeIgniter.php(934): App\Controllers\Dashboard->index()
 8 SYSTEMPATH\CodeIgniter.php(499): CodeIgniter\CodeIgniter->runController(Object(App\Controllers\Dashboard))
 9 SYSTEMPATH\CodeIgniter.php(368): CodeIgniter\CodeIgniter->handleRequest(null, Object(Config\Cache), false)
10 FCPATH\index.php(67): CodeIgniter\CodeIgniter->run()
CRITICAL - 2023-05-10 03:16:37 --> Undefined variable $datosUsuario
in APPPATH\Views\templates\admin_template.php on line 179.
 1 APPPATH\Views\templates\admin_template.php(179): CodeIgniter\Debug\Exceptions->errorHandler(2, 'Undefined variable $datosUsuario', 'C:\\xampp\\htdocs\\ventaspintura\\app\\Views\\templates\\admin_template.php', 179)
 2 SYSTEMPATH\View\View.php(213): include('C:\\xampp\\htdocs\\ventaspintura\\app\\Views\\templates\\admin_template.php')
 3 SYSTEMPATH\View\View.php(216): CodeIgniter\View\View->CodeIgniter\View\{closure}()
 4 SYSTEMPATH\View\View.php(229): CodeIgniter\View\View->render('templates/admin_template', [], true)
 5 SYSTEMPATH\Common.php(1184): CodeIgniter\View\View->render('Dashboard/index', [], true)
 6 APPPATH\Controllers\Dashboard.php(11): view('Dashboard/index', [...])
 7 SYSTEMPATH\CodeIgniter.php(934): App\Controllers\Dashboard->index()
 8 SYSTEMPATH\CodeIgniter.php(499): CodeIgniter\CodeIgniter->runController(Object(App\Controllers\Dashboard))
 9 SYSTEMPATH\CodeIgniter.php(368): CodeIgniter\CodeIgniter->handleRequest(null, Object(Config\Cache), false)
10 FCPATH\index.php(67): CodeIgniter\CodeIgniter->run()
CRITICAL - 2023-05-10 03:17:06 --> Undefined variable $datosUsuario
in APPPATH\Views\templates\admin_template.php on line 179.
 1 APPPATH\Views\templates\admin_template.php(179): CodeIgniter\Debug\Exceptions->errorHandler(2, 'Undefined variable $datosUsuario', 'C:\\xampp\\htdocs\\ventaspintura\\app\\Views\\templates\\admin_template.php', 179)
 2 SYSTEMPATH\View\View.php(213): include('C:\\xampp\\htdocs\\ventaspintura\\app\\Views\\templates\\admin_template.php')
 3 SYSTEMPATH\View\View.php(216): CodeIgniter\View\View->CodeIgniter\View\{closure}()
 4 SYSTEMPATH\View\View.php(229): CodeIgniter\View\View->render('templates/admin_template', [], true)
 5 SYSTEMPATH\Common.php(1184): CodeIgniter\View\View->render('Dashboard/index', [], true)
 6 APPPATH\Controllers\Dashboard.php(11): view('Dashboard/index', [...])
 7 SYSTEMPATH\CodeIgniter.php(934): App\Controllers\Dashboard->index()
 8 SYSTEMPATH\CodeIgniter.php(499): CodeIgniter\CodeIgniter->runController(Object(App\Controllers\Dashboard))
 9 SYSTEMPATH\CodeIgniter.php(368): CodeIgniter\CodeIgniter->handleRequest(null, Object(Config\Cache), false)
10 FCPATH\index.php(67): CodeIgniter\CodeIgniter->run()
CRITICAL - 2023-05-10 03:17:22 --> Undefined variable $imagen
in APPPATH\Views\templates\admin_template.php on line 179.
 1 APPPATH\Views\templates\admin_template.php(179): CodeIgniter\Debug\Exceptions->errorHandler(2, 'Undefined variable $imagen', 'C:\\xampp\\htdocs\\ventaspintura\\app\\Views\\templates\\admin_template.php', 179)
 2 SYSTEMPATH\View\View.php(213): include('C:\\xampp\\htdocs\\ventaspintura\\app\\Views\\templates\\admin_template.php')
 3 SYSTEMPATH\View\View.php(216): CodeIgniter\View\View->CodeIgniter\View\{closure}()
 4 SYSTEMPATH\View\View.php(229): CodeIgniter\View\View->render('templates/admin_template', [], true)
 5 SYSTEMPATH\Common.php(1184): CodeIgniter\View\View->render('Dashboard/index', [], true)
 6 APPPATH\Controllers\Dashboard.php(11): view('Dashboard/index', [...])
 7 SYSTEMPATH\CodeIgniter.php(934): App\Controllers\Dashboard->index()
 8 SYSTEMPATH\CodeIgniter.php(499): CodeIgniter\CodeIgniter->runController(Object(App\Controllers\Dashboard))
 9 SYSTEMPATH\CodeIgniter.php(368): CodeIgniter\CodeIgniter->handleRequest(null, Object(Config\Cache), false)
10 FCPATH\index.php(67): CodeIgniter\CodeIgniter->run()
CRITICAL - 2023-05-10 03:17:48 --> Undefined variable $nombreUsuario
in APPPATH\Views\templates\admin_template.php on line 179.
 1 APPPATH\Views\templates\admin_template.php(179): CodeIgniter\Debug\Exceptions->errorHandler(2, 'Undefined variable $nombreUsuario', 'C:\\xampp\\htdocs\\ventaspintura\\app\\Views\\templates\\admin_template.php', 179)
 2 SYSTEMPATH\View\View.php(213): include('C:\\xampp\\htdocs\\ventaspintura\\app\\Views\\templates\\admin_template.php')
 3 SYSTEMPATH\View\View.php(216): CodeIgniter\View\View->CodeIgniter\View\{closure}()
 4 SYSTEMPATH\View\View.php(229): CodeIgniter\View\View->render('templates/admin_template', [], true)
 5 SYSTEMPATH\Common.php(1184): CodeIgniter\View\View->render('Dashboard/index', [], true)
 6 APPPATH\Controllers\Dashboard.php(11): view('Dashboard/index', [...])
 7 SYSTEMPATH\CodeIgniter.php(934): App\Controllers\Dashboard->index()
 8 SYSTEMPATH\CodeIgniter.php(499): CodeIgniter\CodeIgniter->runController(Object(App\Controllers\Dashboard))
 9 SYSTEMPATH\CodeIgniter.php(368): CodeIgniter\CodeIgniter->handleRequest(null, Object(Config\Cache), false)
10 FCPATH\index.php(67): CodeIgniter\CodeIgniter->run()
CRITICAL - 2023-05-10 03:18:18 --> Undefined variable $userxd
in APPPATH\Views\templates\admin_template.php on line 179.
 1 APPPATH\Views\templates\admin_template.php(179): CodeIgniter\Debug\Exceptions->errorHandler(2, 'Undefined variable $userxd', 'C:\\xampp\\htdocs\\ventaspintura\\app\\Views\\templates\\admin_template.php', 179)
 2 SYSTEMPATH\View\View.php(213): include('C:\\xampp\\htdocs\\ventaspintura\\app\\Views\\templates\\admin_template.php')
 3 SYSTEMPATH\View\View.php(216): CodeIgniter\View\View->CodeIgniter\View\{closure}()
 4 SYSTEMPATH\View\View.php(229): CodeIgniter\View\View->render('templates/admin_template', [], true)
 5 SYSTEMPATH\Common.php(1184): CodeIgniter\View\View->render('Dashboard/index', [], true)
 6 APPPATH\Controllers\Dashboard.php(11): view('Dashboard/index', [...])
 7 SYSTEMPATH\CodeIgniter.php(934): App\Controllers\Dashboard->index()
 8 SYSTEMPATH\CodeIgniter.php(499): CodeIgniter\CodeIgniter->runController(Object(App\Controllers\Dashboard))
 9 SYSTEMPATH\CodeIgniter.php(368): CodeIgniter\CodeIgniter->handleRequest(null, Object(Config\Cache), false)
10 FCPATH\index.php(67): CodeIgniter\CodeIgniter->run()
CRITICAL - 2023-05-10 03:18:23 --> Undefined variable $userxd
in APPPATH\Views\templates\admin_template.php on line 179.
 1 APPPATH\Views\templates\admin_template.php(179): CodeIgniter\Debug\Exceptions->errorHandler(2, 'Undefined variable $userxd', 'C:\\xampp\\htdocs\\ventaspintura\\app\\Views\\templates\\admin_template.php', 179)
 2 SYSTEMPATH\View\View.php(213): include('C:\\xampp\\htdocs\\ventaspintura\\app\\Views\\templates\\admin_template.php')
 3 SYSTEMPATH\View\View.php(216): CodeIgniter\View\View->CodeIgniter\View\{closure}()
 4 SYSTEMPATH\View\View.php(229): CodeIgniter\View\View->render('templates/admin_template', [], true)
 5 SYSTEMPATH\Common.php(1184): CodeIgniter\View\View->render('Dashboard/index', [], true)
 6 APPPATH\Controllers\Dashboard.php(11): view('Dashboard/index', [...])
 7 SYSTEMPATH\CodeIgniter.php(934): App\Controllers\Dashboard->index()
 8 SYSTEMPATH\CodeIgniter.php(499): CodeIgniter\CodeIgniter->runController(Object(App\Controllers\Dashboard))
 9 SYSTEMPATH\CodeIgniter.php(368): CodeIgniter\CodeIgniter->handleRequest(null, Object(Config\Cache), false)
10 FCPATH\index.php(67): CodeIgniter\CodeIgniter->run()
CRITICAL - 2023-05-10 03:19:07 --> Undefined variable $userxd
in APPPATH\Views\templates\admin_template.php on line 179.
 1 APPPATH\Views\templates\admin_template.php(179): CodeIgniter\Debug\Exceptions->errorHandler(2, 'Undefined variable $userxd', 'C:\\xampp\\htdocs\\ventaspintura\\app\\Views\\templates\\admin_template.php', 179)
 2 SYSTEMPATH\View\View.php(213): include('C:\\xampp\\htdocs\\ventaspintura\\app\\Views\\templates\\admin_template.php')
 3 SYSTEMPATH\View\View.php(216): CodeIgniter\View\View->CodeIgniter\View\{closure}()
 4 SYSTEMPATH\View\View.php(229): CodeIgniter\View\View->render('templates/admin_template', [], true)
 5 SYSTEMPATH\Common.php(1184): CodeIgniter\View\View->render('Dashboard/index', [], true)
 6 APPPATH\Controllers\Dashboard.php(11): view('Dashboard/index', [...])
 7 SYSTEMPATH\CodeIgniter.php(934): App\Controllers\Dashboard->index()
 8 SYSTEMPATH\CodeIgniter.php(499): CodeIgniter\CodeIgniter->runController(Object(App\Controllers\Dashboard))
 9 SYSTEMPATH\CodeIgniter.php(368): CodeIgniter\CodeIgniter->handleRequest(null, Object(Config\Cache), false)
10 FCPATH\index.php(67): CodeIgniter\CodeIgniter->run()
CRITICAL - 2023-05-10 03:19:50 --> Undefined variable $userxd
in APPPATH\Views\templates\admin_template.php on line 179.
 1 APPPATH\Views\templates\admin_template.php(179): CodeIgniter\Debug\Exceptions->errorHandler(2, 'Undefined variable $userxd', 'C:\\xampp\\htdocs\\ventaspintura\\app\\Views\\templates\\admin_template.php', 179)
 2 SYSTEMPATH\View\View.php(213): include('C:\\xampp\\htdocs\\ventaspintura\\app\\Views\\templates\\admin_template.php')
 3 SYSTEMPATH\View\View.php(216): CodeIgniter\View\View->CodeIgniter\View\{closure}()
 4 SYSTEMPATH\View\View.php(229): CodeIgniter\View\View->render('templates/admin_template', [], true)
 5 SYSTEMPATH\Common.php(1184): CodeIgniter\View\View->render('Dashboard/index', [], true)
 6 APPPATH\Controllers\Dashboard.php(11): view('Dashboard/index', [...])
 7 SYSTEMPATH\CodeIgniter.php(934): App\Controllers\Dashboard->index()
 8 SYSTEMPATH\CodeIgniter.php(499): CodeIgniter\CodeIgniter->runController(Object(App\Controllers\Dashboard))
 9 SYSTEMPATH\CodeIgniter.php(368): CodeIgniter\CodeIgniter->handleRequest(null, Object(Config\Cache), false)
10 FCPATH\index.php(67): CodeIgniter\CodeIgniter->run()
CRITICAL - 2023-05-10 03:20:01 --> Undefined variable $usuario
in APPPATH\Views\templates\admin_template.php on line 179.
 1 APPPATH\Views\templates\admin_template.php(179): CodeIgniter\Debug\Exceptions->errorHandler(2, 'Undefined variable $usuario', 'C:\\xampp\\htdocs\\ventaspintura\\app\\Views\\templates\\admin_template.php', 179)
 2 SYSTEMPATH\View\View.php(213): include('C:\\xampp\\htdocs\\ventaspintura\\app\\Views\\templates\\admin_template.php')
 3 SYSTEMPATH\View\View.php(216): CodeIgniter\View\View->CodeIgniter\View\{closure}()
 4 SYSTEMPATH\View\View.php(229): CodeIgniter\View\View->render('templates/admin_template', [], true)
 5 SYSTEMPATH\Common.php(1184): CodeIgniter\View\View->render('Dashboard/index', [], true)
 6 APPPATH\Controllers\Dashboard.php(11): view('Dashboard/index', [...])
 7 SYSTEMPATH\CodeIgniter.php(934): App\Controllers\Dashboard->index()
 8 SYSTEMPATH\CodeIgniter.php(499): CodeIgniter\CodeIgniter->runController(Object(App\Controllers\Dashboard))
 9 SYSTEMPATH\CodeIgniter.php(368): CodeIgniter\CodeIgniter->handleRequest(null, Object(Config\Cache), false)
10 FCPATH\index.php(67): CodeIgniter\CodeIgniter->run()
CRITICAL - 2023-05-10 03:21:24 --> Undefined variable $usuario
in APPPATH\Views\templates\admin_template.php on line 179.
 1 APPPATH\Views\templates\admin_template.php(179): CodeIgniter\Debug\Exceptions->errorHandler(2, 'Undefined variable $usuario', 'C:\\xampp\\htdocs\\ventaspintura\\app\\Views\\templates\\admin_template.php', 179)
 2 SYSTEMPATH\View\View.php(213): include('C:\\xampp\\htdocs\\ventaspintura\\app\\Views\\templates\\admin_template.php')
 3 SYSTEMPATH\View\View.php(216): CodeIgniter\View\View->CodeIgniter\View\{closure}()
 4 SYSTEMPATH\View\View.php(229): CodeIgniter\View\View->render('templates/admin_template', [], true)
 5 SYSTEMPATH\Common.php(1184): CodeIgniter\View\View->render('Dashboard/index', [], true)
 6 APPPATH\Controllers\Dashboard.php(11): view('Dashboard/index', [...])
 7 SYSTEMPATH\CodeIgniter.php(934): App\Controllers\Dashboard->index()
 8 SYSTEMPATH\CodeIgniter.php(499): CodeIgniter\CodeIgniter->runController(Object(App\Controllers\Dashboard))
 9 SYSTEMPATH\CodeIgniter.php(368): CodeIgniter\CodeIgniter->handleRequest(null, Object(Config\Cache), false)
10 FCPATH\index.php(67): CodeIgniter\CodeIgniter->run()
CRITICAL - 2023-05-10 04:36:36 --> syntax error, unexpected identifier "imagen", expecting ")"
in APPPATH\Views\templates\admin_template.php on line 172.
 1 SYSTEMPATH\View\View.php(216): CodeIgniter\View\View->CodeIgniter\View\{closure}()
 2 SYSTEMPATH\View\View.php(229): CodeIgniter\View\View->render('templates/admin_template', [], true)
 3 SYSTEMPATH\Common.php(1184): CodeIgniter\View\View->render('usuarios/editar', [], true)
 4 APPPATH\Controllers\User.php(114): view('usuarios/editar', [...])
 5 SYSTEMPATH\CodeIgniter.php(934): App\Controllers\User->editar('26')
 6 SYSTEMPATH\CodeIgniter.php(499): CodeIgniter\CodeIgniter->runController(Object(App\Controllers\User))
 7 SYSTEMPATH\CodeIgniter.php(368): CodeIgniter\CodeIgniter->handleRequest(null, Object(Config\Cache), false)
 8 FCPATH\index.php(67): CodeIgniter\CodeIgniter->run()
CRITICAL - 2023-05-10 05:00:42 --> Undefined array key "usuarios"
in APPPATH\Controllers\User.php on line 119.
 1 APPPATH\Controllers\User.php(119): CodeIgniter\Debug\Exceptions->errorHandler(2, 'Undefined array key "usuarios"', 'C:\\xampp\\htdocs\\ventaspintura\\app\\Controllers\\User.php', 119)
 2 SYSTEMPATH\CodeIgniter.php(934): App\Controllers\User->editar('26')
 3 SYSTEMPATH\CodeIgniter.php(499): CodeIgniter\CodeIgniter->runController(Object(App\Controllers\User))
 4 SYSTEMPATH\CodeIgniter.php(368): CodeIgniter\CodeIgniter->handleRequest(null, Object(Config\Cache), false)
 5 FCPATH\index.php(67): CodeIgniter\CodeIgniter->run()
CRITICAL - 2023-05-10 05:07:16 --> Cannot declare class App\Models\Users, because the name is already in use
in APPPATH\Models\Roles.php on line 6.
 1 [internal function]: CodeIgniter\Debug\Exceptions->shutdownHandler()
CRITICAL - 2023-05-10 05:13:46 --> Cannot declare class App\Models\Roles, because the name is already in use
in APPPATH\Models\Personas.php on line 6.
 1 [internal function]: CodeIgniter\Debug\Exceptions->shutdownHandler()
CRITICAL - 2023-05-10 05:13:58 --> Undefined variable $persona
in APPPATH\Views\usuarios\editar.php on line 38.
 1 APPPATH\Views\usuarios\editar.php(38): CodeIgniter\Debug\Exceptions->errorHandler(2, 'Undefined variable $persona', 'C:\\xampp\\htdocs\\ventaspintura\\app\\Views\\usuarios\\editar.php', 38)
 2 SYSTEMPATH\View\View.php(213): include('C:\\xampp\\htdocs\\ventaspintura\\app\\Views\\usuarios\\editar.php')
 3 SYSTEMPATH\View\View.php(216): CodeIgniter\View\View->CodeIgniter\View\{closure}()
 4 SYSTEMPATH\Common.php(1184): CodeIgniter\View\View->render('usuarios/editar', [], true)
 5 APPPATH\Controllers\User.php(128): view('usuarios/editar', [...])
 6 SYSTEMPATH\CodeIgniter.php(934): App\Controllers\User->editar('26')
 7 SYSTEMPATH\CodeIgniter.php(499): CodeIgniter\CodeIgniter->runController(Object(App\Controllers\User))
 8 SYSTEMPATH\CodeIgniter.php(368): CodeIgniter\CodeIgniter->handleRequest(null, Object(Config\Cache), false)
 9 FCPATH\index.php(67): CodeIgniter\CodeIgniter->run()
CRITICAL - 2023-05-10 05:27:15 --> syntax error, unexpected token "{", expecting "("
in APPPATH\Controllers\User.php on line 131.
 1 SYSTEMPATH\Autoloader\Autoloader.php(289): CodeIgniter\Autoloader\Autoloader->includeFile('C:\\xampp\\htdocs\\ventaspintura\\app\\Controllers\\User.php')
 2 SYSTEMPATH\Autoloader\Autoloader.php(267): CodeIgniter\Autoloader\Autoloader->loadInNamespace('App\\Controllers\\User')
 3 [internal function]: CodeIgniter\Autoloader\Autoloader->loadClass('App\\Controllers\\User')
 4 SYSTEMPATH\CodeIgniter.php(892): class_exists('\\App\\Controllers\\User', true)
 5 SYSTEMPATH\CodeIgniter.php(486): CodeIgniter\CodeIgniter->startController()
 6 SYSTEMPATH\CodeIgniter.php(368): CodeIgniter\CodeIgniter->handleRequest(null, Object(Config\Cache), false)
 7 FCPATH\index.php(67): CodeIgniter\CodeIgniter->run()
CRITICAL - 2023-05-10 05:27:59 --> syntax error, unexpected token "{", expecting "("
in APPPATH\Controllers\User.php on line 131.
 1 SYSTEMPATH\Autoloader\Autoloader.php(289): CodeIgniter\Autoloader\Autoloader->includeFile('C:\\xampp\\htdocs\\ventaspintura\\app\\Controllers\\User.php')
 2 SYSTEMPATH\Autoloader\Autoloader.php(267): CodeIgniter\Autoloader\Autoloader->loadInNamespace('App\\Controllers\\User')
 3 [internal function]: CodeIgniter\Autoloader\Autoloader->loadClass('App\\Controllers\\User')
 4 SYSTEMPATH\CodeIgniter.php(892): class_exists('\\App\\Controllers\\User', true)
 5 SYSTEMPATH\CodeIgniter.php(486): CodeIgniter\CodeIgniter->startController()
 6 SYSTEMPATH\CodeIgniter.php(368): CodeIgniter\CodeIgniter->handleRequest(null, Object(Config\Cache), false)
 7 FCPATH\index.php(67): CodeIgniter\CodeIgniter->run()
CRITICAL - 2023-05-10 05:34:38 --> The original file is not a valid file.
in SYSTEMPATH\HTTP\Files\UploadedFile.php on line 137.
 1 SYSTEMPATH\HTTP\Files\UploadedFile.php(137): CodeIgniter\HTTP\Exceptions\HTTPException::forInvalidFile()
 2 APPPATH\Controllers\User.php(173): CodeIgniter\HTTP\Files\UploadedFile->move('../public/users/img/', '1683696878_f14f1569beb0f6991d03')
 3 SYSTEMPATH\CodeIgniter.php(934): App\Controllers\User->actualizar()
 4 SYSTEMPATH\CodeIgniter.php(499): CodeIgniter\CodeIgniter->runController(Object(App\Controllers\User))
 5 SYSTEMPATH\CodeIgniter.php(368): CodeIgniter\CodeIgniter->handleRequest(null, Object(Config\Cache), false)
 6 FCPATH\index.php(67): CodeIgniter\CodeIgniter->run()
CRITICAL - 2023-05-10 05:34:45 --> Updates are not allowed unless they contain a "where" or "like" clause.
in SYSTEMPATH\Model.php on line 391.
 1 SYSTEMPATH\BaseModel.php(943): CodeIgniter\Model->doUpdate(null, [...])
 2 SYSTEMPATH\Model.php(756): CodeIgniter\BaseModel->update(null, [...])
 3 APPPATH\Controllers\User.php(180): CodeIgniter\Model->update(null, [...])
 4 SYSTEMPATH\CodeIgniter.php(934): App\Controllers\User->actualizar()
 5 SYSTEMPATH\CodeIgniter.php(499): CodeIgniter\CodeIgniter->runController(Object(App\Controllers\User))
 6 SYSTEMPATH\CodeIgniter.php(368): CodeIgniter\CodeIgniter->handleRequest(null, Object(Config\Cache), false)
 7 FCPATH\index.php(67): CodeIgniter\CodeIgniter->run()
CRITICAL - 2023-05-10 05:35:04 --> Updates are not allowed unless they contain a "where" or "like" clause.
in SYSTEMPATH\Model.php on line 391.
 1 SYSTEMPATH\BaseModel.php(943): CodeIgniter\Model->doUpdate(null, [...])
 2 SYSTEMPATH\Model.php(756): CodeIgniter\BaseModel->update(null, [...])
 3 APPPATH\Controllers\User.php(180): CodeIgniter\Model->update(null, [...])
 4 SYSTEMPATH\CodeIgniter.php(934): App\Controllers\User->actualizar()
 5 SYSTEMPATH\CodeIgniter.php(499): CodeIgniter\CodeIgniter->runController(Object(App\Controllers\User))
 6 SYSTEMPATH\CodeIgniter.php(368): CodeIgniter\CodeIgniter->handleRequest(null, Object(Config\Cache), false)
 7 FCPATH\index.php(67): CodeIgniter\CodeIgniter->run()
CRITICAL - 2023-05-10 05:35:33 --> Undefined variable $imagenNombre
in APPPATH\Controllers\User.php on line 155.
 1 APPPATH\Controllers\User.php(155): CodeIgniter\Debug\Exceptions->errorHandler(2, 'Undefined variable $imagenNombre', 'C:\\xampp\\htdocs\\ventaspintura\\app\\Controllers\\User.php', 155)
 2 SYSTEMPATH\CodeIgniter.php(934): App\Controllers\User->actualizar()
 3 SYSTEMPATH\CodeIgniter.php(499): CodeIgniter\CodeIgniter->runController(Object(App\Controllers\User))
 4 SYSTEMPATH\CodeIgniter.php(368): CodeIgniter\CodeIgniter->handleRequest(null, Object(Config\Cache), false)
 5 FCPATH\index.php(67): CodeIgniter\CodeIgniter->run()
CRITICAL - 2023-05-10 05:35:43 --> Updates are not allowed unless they contain a "where" or "like" clause.
in SYSTEMPATH\Model.php on line 391.
 1 SYSTEMPATH\BaseModel.php(943): CodeIgniter\Model->doUpdate(null, [...])
 2 SYSTEMPATH\Model.php(756): CodeIgniter\BaseModel->update(null, [...])
 3 APPPATH\Controllers\User.php(156): CodeIgniter\Model->update(null, [...])
 4 SYSTEMPATH\CodeIgniter.php(934): App\Controllers\User->actualizar()
 5 SYSTEMPATH\CodeIgniter.php(499): CodeIgniter\CodeIgniter->runController(Object(App\Controllers\User))
 6 SYSTEMPATH\CodeIgniter.php(368): CodeIgniter\CodeIgniter->handleRequest(null, Object(Config\Cache), false)
 7 FCPATH\index.php(67): CodeIgniter\CodeIgniter->run()
CRITICAL - 2023-05-10 05:39:15 --> There is no data to update.
in SYSTEMPATH\BaseModel.php on line 1680.
 1 SYSTEMPATH\BaseModel.php(1680): CodeIgniter\Database\Exceptions\DataException::forEmptyDataset('update')
 2 SYSTEMPATH\BaseModel.php(910): CodeIgniter\BaseModel->transformDataToArray(null, 'update')
 3 SYSTEMPATH\Model.php(756): CodeIgniter\BaseModel->update([...], null)
 4 APPPATH\Controllers\User.php(154): CodeIgniter\Model->update([...])
 5 SYSTEMPATH\CodeIgniter.php(934): App\Controllers\User->actualizar()
 6 SYSTEMPATH\CodeIgniter.php(499): CodeIgniter\CodeIgniter->runController(Object(App\Controllers\User))
 7 SYSTEMPATH\CodeIgniter.php(368): CodeIgniter\CodeIgniter->handleRequest(null, Object(Config\Cache), false)
 8 FCPATH\index.php(67): CodeIgniter\CodeIgniter->run()
CRITICAL - 2023-05-10 05:41:02 --> Updates are not allowed unless they contain a "where" or "like" clause.
in SYSTEMPATH\Model.php on line 391.
 1 SYSTEMPATH\BaseModel.php(943): CodeIgniter\Model->doUpdate(null, [...])
 2 SYSTEMPATH\Model.php(756): CodeIgniter\BaseModel->update(null, [...])
 3 APPPATH\Controllers\User.php(156): CodeIgniter\Model->update(null, [...])
 4 SYSTEMPATH\CodeIgniter.php(934): App\Controllers\User->actualizar()
 5 SYSTEMPATH\CodeIgniter.php(499): CodeIgniter\CodeIgniter->runController(Object(App\Controllers\User))
 6 SYSTEMPATH\CodeIgniter.php(368): CodeIgniter\CodeIgniter->handleRequest(null, Object(Config\Cache), false)
 7 FCPATH\index.php(67): CodeIgniter\CodeIgniter->run()
CRITICAL - 2023-05-10 05:41:51 --> Updates are not allowed unless they contain a "where" or "like" clause.
in SYSTEMPATH\Model.php on line 391.
 1 SYSTEMPATH\BaseModel.php(943): CodeIgniter\Model->doUpdate(null, [...])
 2 SYSTEMPATH\Model.php(756): CodeIgniter\BaseModel->update(null, [...])
 3 APPPATH\Controllers\User.php(158): CodeIgniter\Model->update(null, [...])
 4 SYSTEMPATH\CodeIgniter.php(934): App\Controllers\User->actualizar()
 5 SYSTEMPATH\CodeIgniter.php(499): CodeIgniter\CodeIgniter->runController(Object(App\Controllers\User))
 6 SYSTEMPATH\CodeIgniter.php(368): CodeIgniter\CodeIgniter->handleRequest(null, Object(Config\Cache), false)
 7 FCPATH\index.php(67): CodeIgniter\CodeIgniter->run()
CRITICAL - 2023-05-10 05:42:41 --> Updates are not allowed unless they contain a "where" or "like" clause.
in SYSTEMPATH\Model.php on line 391.
 1 SYSTEMPATH\BaseModel.php(943): CodeIgniter\Model->doUpdate(null, [...])
 2 SYSTEMPATH\Model.php(756): CodeIgniter\BaseModel->update(null, [...])
 3 APPPATH\Controllers\User.php(157): CodeIgniter\Model->update(null, [...])
 4 SYSTEMPATH\CodeIgniter.php(934): App\Controllers\User->actualizar()
 5 SYSTEMPATH\CodeIgniter.php(499): CodeIgniter\CodeIgniter->runController(Object(App\Controllers\User))
 6 SYSTEMPATH\CodeIgniter.php(368): CodeIgniter\CodeIgniter->handleRequest(null, Object(Config\Cache), false)
 7 FCPATH\index.php(67): CodeIgniter\CodeIgniter->run()
CRITICAL - 2023-05-10 06:01:52 --> The original file is not a valid file.
in SYSTEMPATH\HTTP\Files\UploadedFile.php on line 137.
 1 SYSTEMPATH\HTTP\Files\UploadedFile.php(137): CodeIgniter\HTTP\Exceptions\HTTPException::forInvalidFile()
 2 APPPATH\Controllers\User.php(187): CodeIgniter\HTTP\Files\UploadedFile->move('../public/users/img/', '1683698512_631692379c0c2810665a')
 3 SYSTEMPATH\CodeIgniter.php(934): App\Controllers\User->actualizar()
 4 SYSTEMPATH\CodeIgniter.php(499): CodeIgniter\CodeIgniter->runController(Object(App\Controllers\User))
 5 SYSTEMPATH\CodeIgniter.php(368): CodeIgniter\CodeIgniter->handleRequest(null, Object(Config\Cache), false)
 6 FCPATH\index.php(67): CodeIgniter\CodeIgniter->run()
CRITICAL - 2023-05-10 06:03:47 --> Undefined variable $dataUpdate
in APPPATH\Controllers\User.php on line 178.
 1 APPPATH\Controllers\User.php(178): CodeIgniter\Debug\Exceptions->errorHandler(2, 'Undefined variable $dataUpdate', 'C:\\xampp\\htdocs\\ventaspintura\\app\\Controllers\\User.php', 178)
 2 SYSTEMPATH\CodeIgniter.php(934): App\Controllers\User->actualizar()
 3 SYSTEMPATH\CodeIgniter.php(499): CodeIgniter\CodeIgniter->runController(Object(App\Controllers\User))
 4 SYSTEMPATH\CodeIgniter.php(368): CodeIgniter\CodeIgniter->handleRequest(null, Object(Config\Cache), false)
 5 FCPATH\index.php(67): CodeIgniter\CodeIgniter->run()
CRITICAL - 2023-05-10 06:18:00 --> syntax error, unexpected variable "$existePersona"
in APPPATH\Controllers\User.php on line 149.
 1 SYSTEMPATH\Autoloader\Autoloader.php(289): CodeIgniter\Autoloader\Autoloader->includeFile('C:\\xampp\\htdocs\\ventaspintura\\app\\Controllers\\User.php')
 2 SYSTEMPATH\Autoloader\Autoloader.php(267): CodeIgniter\Autoloader\Autoloader->loadInNamespace('App\\Controllers\\User')
 3 [internal function]: CodeIgniter\Autoloader\Autoloader->loadClass('App\\Controllers\\User')
 4 SYSTEMPATH\CodeIgniter.php(892): class_exists('\\App\\Controllers\\User', true)
 5 SYSTEMPATH\CodeIgniter.php(486): CodeIgniter\CodeIgniter->startController()
 6 SYSTEMPATH\CodeIgniter.php(368): CodeIgniter\CodeIgniter->handleRequest(null, Object(Config\Cache), false)
 7 FCPATH\index.php(67): CodeIgniter\CodeIgniter->run()
CRITICAL - 2023-05-10 06:18:02 --> syntax error, unexpected variable "$existePersona"
in APPPATH\Controllers\User.php on line 149.
 1 SYSTEMPATH\Autoloader\Autoloader.php(289): CodeIgniter\Autoloader\Autoloader->includeFile('C:\\xampp\\htdocs\\ventaspintura\\app\\Controllers\\User.php')
 2 SYSTEMPATH\Autoloader\Autoloader.php(267): CodeIgniter\Autoloader\Autoloader->loadInNamespace('App\\Controllers\\User')
 3 [internal function]: CodeIgniter\Autoloader\Autoloader->loadClass('App\\Controllers\\User')
 4 SYSTEMPATH\CodeIgniter.php(892): class_exists('\\App\\Controllers\\User', true)
 5 SYSTEMPATH\CodeIgniter.php(486): CodeIgniter\CodeIgniter->startController()
 6 SYSTEMPATH\CodeIgniter.php(368): CodeIgniter\CodeIgniter->handleRequest(null, Object(Config\Cache), false)
 7 FCPATH\index.php(67): CodeIgniter\CodeIgniter->run()
CRITICAL - 2023-05-10 06:18:03 --> syntax error, unexpected variable "$existePersona"
in APPPATH\Controllers\User.php on line 149.
 1 SYSTEMPATH\Autoloader\Autoloader.php(289): CodeIgniter\Autoloader\Autoloader->includeFile('C:\\xampp\\htdocs\\ventaspintura\\app\\Controllers\\User.php')
 2 SYSTEMPATH\Autoloader\Autoloader.php(267): CodeIgniter\Autoloader\Autoloader->loadInNamespace('App\\Controllers\\User')
 3 [internal function]: CodeIgniter\Autoloader\Autoloader->loadClass('App\\Controllers\\User')
 4 SYSTEMPATH\CodeIgniter.php(892): class_exists('\\App\\Controllers\\User', true)
 5 SYSTEMPATH\CodeIgniter.php(486): CodeIgniter\CodeIgniter->startController()
 6 SYSTEMPATH\CodeIgniter.php(368): CodeIgniter\CodeIgniter->handleRequest(null, Object(Config\Cache), false)
 7 FCPATH\index.php(67): CodeIgniter\CodeIgniter->run()
CRITICAL - 2023-05-10 06:18:17 --> The original file is not a valid file.
in SYSTEMPATH\HTTP\Files\UploadedFile.php on line 137.
 1 SYSTEMPATH\HTTP\Files\UploadedFile.php(137): CodeIgniter\HTTP\Exceptions\HTTPException::forInvalidFile()
 2 APPPATH\Controllers\User.php(196): CodeIgniter\HTTP\Files\UploadedFile->move('../public/users/img/', '1683699497_af2177fb969876d0ce3d')
 3 SYSTEMPATH\CodeIgniter.php(934): App\Controllers\User->actualizar()
 4 SYSTEMPATH\CodeIgniter.php(499): CodeIgniter\CodeIgniter->runController(Object(App\Controllers\User))
 5 SYSTEMPATH\CodeIgniter.php(368): CodeIgniter\CodeIgniter->handleRequest(null, Object(Config\Cache), false)
 6 FCPATH\index.php(67): CodeIgniter\CodeIgniter->run()
CRITICAL - 2023-05-10 06:31:15 --> syntax error, unexpected token "(", expecting identifier or variable or "{" or "$"
in APPPATH\Controllers\User.php on line 142.
 1 SYSTEMPATH\Autoloader\Autoloader.php(289): CodeIgniter\Autoloader\Autoloader->includeFile('C:\\xampp\\htdocs\\ventaspintura\\app\\Controllers\\User.php')
 2 SYSTEMPATH\Autoloader\Autoloader.php(267): CodeIgniter\Autoloader\Autoloader->loadInNamespace('App\\Controllers\\User')
 3 [internal function]: CodeIgniter\Autoloader\Autoloader->loadClass('App\\Controllers\\User')
 4 SYSTEMPATH\CodeIgniter.php(892): class_exists('\\App\\Controllers\\User', true)
 5 SYSTEMPATH\CodeIgniter.php(486): CodeIgniter\CodeIgniter->startController()
 6 SYSTEMPATH\CodeIgniter.php(368): CodeIgniter\CodeIgniter->handleRequest(null, Object(Config\Cache), false)
 7 FCPATH\index.php(67): CodeIgniter\CodeIgniter->run()
CRITICAL - 2023-05-10 06:31:20 --> syntax error, unexpected token "(", expecting identifier or variable or "{" or "$"
in APPPATH\Controllers\User.php on line 142.
 1 SYSTEMPATH\Autoloader\Autoloader.php(289): CodeIgniter\Autoloader\Autoloader->includeFile('C:\\xampp\\htdocs\\ventaspintura\\app\\Controllers\\User.php')
 2 SYSTEMPATH\Autoloader\Autoloader.php(267): CodeIgniter\Autoloader\Autoloader->loadInNamespace('App\\Controllers\\User')
 3 [internal function]: CodeIgniter\Autoloader\Autoloader->loadClass('App\\Controllers\\User')
 4 SYSTEMPATH\CodeIgniter.php(892): class_exists('\\App\\Controllers\\User', true)
 5 SYSTEMPATH\CodeIgniter.php(486): CodeIgniter\CodeIgniter->startController()
 6 SYSTEMPATH\CodeIgniter.php(368): CodeIgniter\CodeIgniter->handleRequest(null, Object(Config\Cache), false)
 7 FCPATH\index.php(67): CodeIgniter\CodeIgniter->run()
CRITICAL - 2023-05-10 06:31:21 --> syntax error, unexpected token "(", expecting identifier or variable or "{" or "$"
in APPPATH\Controllers\User.php on line 142.
 1 SYSTEMPATH\Autoloader\Autoloader.php(289): CodeIgniter\Autoloader\Autoloader->includeFile('C:\\xampp\\htdocs\\ventaspintura\\app\\Controllers\\User.php')
 2 SYSTEMPATH\Autoloader\Autoloader.php(267): CodeIgniter\Autoloader\Autoloader->loadInNamespace('App\\Controllers\\User')
 3 [internal function]: CodeIgniter\Autoloader\Autoloader->loadClass('App\\Controllers\\User')
 4 SYSTEMPATH\CodeIgniter.php(892): class_exists('\\App\\Controllers\\User', true)
 5 SYSTEMPATH\CodeIgniter.php(486): CodeIgniter\CodeIgniter->startController()
 6 SYSTEMPATH\CodeIgniter.php(368): CodeIgniter\CodeIgniter->handleRequest(null, Object(Config\Cache), false)
 7 FCPATH\index.php(67): CodeIgniter\CodeIgniter->run()
CRITICAL - 2023-05-10 06:37:00 --> Call to undefined method App\Models\Users::ID
in SYSTEMPATH\Model.php on line 842.
 1 APPPATH\Controllers\User.php(142): CodeIgniter\Model->__call('ID', [...])
 2 SYSTEMPATH\CodeIgniter.php(934): App\Controllers\User->actualizar()
 3 SYSTEMPATH\CodeIgniter.php(499): CodeIgniter\CodeIgniter->runController(Object(App\Controllers\User))
 4 SYSTEMPATH\CodeIgniter.php(368): CodeIgniter\CodeIgniter->handleRequest(null, Object(Config\Cache), false)
 5 FCPATH\index.php(67): CodeIgniter\CodeIgniter->run()
ERROR - 2023-05-10 06:38:10 --> mysqli_sql_exception: Illegal parameter data types varchar and row for operation '=' in C:\xampp\htdocs\ventaspintura\system\Database\MySQLi\Connection.php:295
Stack trace:
#0 C:\xampp\htdocs\ventaspintura\system\Database\MySQLi\Connection.php(295): mysqli->query('SELECT *\nFROM `...', 0)
#1 C:\xampp\htdocs\ventaspintura\system\Database\BaseConnection.php(691): CodeIgniter\Database\MySQLi\Connection->execute('SELECT *\nFROM `...')
#2 C:\xampp\htdocs\ventaspintura\system\Database\BaseConnection.php(605): CodeIgniter\Database\BaseConnection->simpleQuery('SELECT *\nFROM `...')
#3 C:\xampp\htdocs\ventaspintura\system\Database\BaseBuilder.php(1616): CodeIgniter\Database\BaseConnection->query('SELECT *\nFROM `...', Array, false)
#4 C:\xampp\htdocs\ventaspintura\system\Model.php(840): CodeIgniter\Database\BaseBuilder->get()
#5 C:\xampp\htdocs\ventaspintura\app\Models\Users.php(21): CodeIgniter\Model->__call('get', Array)
#6 C:\xampp\htdocs\ventaspintura\app\Controllers\User.php(159): App\Models\Users->obtenerUsuario(Array)
#7 C:\xampp\htdocs\ventaspintura\system\CodeIgniter.php(934): App\Controllers\User->actualizar()
#8 C:\xampp\htdocs\ventaspintura\system\CodeIgniter.php(499): CodeIgniter\CodeIgniter->runController(Object(App\Controllers\User))
#9 C:\xampp\htdocs\ventaspintura\system\CodeIgniter.php(368): CodeIgniter\CodeIgniter->handleRequest(NULL, Object(Config\Cache), false)
#10 C:\xampp\htdocs\ventaspintura\public\index.php(67): CodeIgniter\CodeIgniter->run()
#11 {main}
CRITICAL - 2023-05-10 06:38:10 --> Illegal parameter data types varchar and row for operation '='
in SYSTEMPATH\Database\MySQLi\Connection.php on line 295.
 1 SYSTEMPATH\Database\MySQLi\Connection.php(295): mysqli->query('SELECT *
FROM `usuarios`
WHERE `usuario` = (\'26\',\'admin1231\',\'$2y$10$FudUGTMTxdG9E6YP5iCuuOL5YaxpCEDeTvrT19tPH/iZ6JTonkaE.\',\'1\',\'2\',\'1683698472_0dd099d8eb09b973f260.jpg\',\'1\')', 0)
 2 SYSTEMPATH\Database\BaseConnection.php(691): CodeIgniter\Database\MySQLi\Connection->execute('SELECT *
FROM `usuarios`
WHERE `usuario` = (\'26\',\'admin1231\',\'$2y$10$FudUGTMTxdG9E6YP5iCuuOL5YaxpCEDeTvrT19tPH/iZ6JTonkaE.\',\'1\',\'2\',\'1683698472_0dd099d8eb09b973f260.jpg\',\'1\')')
 3 SYSTEMPATH\Database\BaseConnection.php(605): CodeIgniter\Database\BaseConnection->simpleQuery('SELECT *
FROM `usuarios`
WHERE `usuario` = (\'26\',\'admin1231\',\'$2y$10$FudUGTMTxdG9E6YP5iCuuOL5YaxpCEDeTvrT19tPH/iZ6JTonkaE.\',\'1\',\'2\',\'1683698472_0dd099d8eb09b973f260.jpg\',\'1\')')
 4 SYSTEMPATH\Database\BaseBuilder.php(1616): CodeIgniter\Database\BaseConnection->query('SELECT *
FROM `usuarios`
WHERE `usuario` = :usuario:', [...], false)
 5 SYSTEMPATH\Model.php(840): CodeIgniter\Database\BaseBuilder->get()
 6 APPPATH\Models\Users.php(21): CodeIgniter\Model->__call('get', [])
 7 APPPATH\Controllers\User.php(159): App\Models\Users->obtenerUsuario([...])
 8 SYSTEMPATH\CodeIgniter.php(934): App\Controllers\User->actualizar()
 9 SYSTEMPATH\CodeIgniter.php(499): CodeIgniter\CodeIgniter->runController(Object(App\Controllers\User))
10 SYSTEMPATH\CodeIgniter.php(368): CodeIgniter\CodeIgniter->handleRequest(null, Object(Config\Cache), false)
11 FCPATH\index.php(67): CodeIgniter\CodeIgniter->run()
CRITICAL - 2023-05-10 06:40:49 --> Call to undefined method App\Models\Users::validarPersona
in SYSTEMPATH\Model.php on line 842.
 1 APPPATH\Controllers\User.php(151): CodeIgniter\Model->__call('validarPersona', [...])
 2 SYSTEMPATH\CodeIgniter.php(934): App\Controllers\User->actualizar()
 3 SYSTEMPATH\CodeIgniter.php(499): CodeIgniter\CodeIgniter->runController(Object(App\Controllers\User))
 4 SYSTEMPATH\CodeIgniter.php(368): CodeIgniter\CodeIgniter->handleRequest(null, Object(Config\Cache), false)
 5 FCPATH\index.php(67): CodeIgniter\CodeIgniter->run()
ERROR - 2023-05-10 06:41:14 --> mysqli_sql_exception: Illegal parameter data types varchar and row for operation '=' in C:\xampp\htdocs\ventaspintura\system\Database\MySQLi\Connection.php:295
Stack trace:
#0 C:\xampp\htdocs\ventaspintura\system\Database\MySQLi\Connection.php(295): mysqli->query('SELECT *\nFROM `...', 0)
#1 C:\xampp\htdocs\ventaspintura\system\Database\BaseConnection.php(691): CodeIgniter\Database\MySQLi\Connection->execute('SELECT *\nFROM `...')
#2 C:\xampp\htdocs\ventaspintura\system\Database\BaseConnection.php(605): CodeIgniter\Database\BaseConnection->simpleQuery('SELECT *\nFROM `...')
#3 C:\xampp\htdocs\ventaspintura\system\Database\BaseBuilder.php(1616): CodeIgniter\Database\BaseConnection->query('SELECT *\nFROM `...', Array, false)
#4 C:\xampp\htdocs\ventaspintura\system\Model.php(840): CodeIgniter\Database\BaseBuilder->get()
#5 C:\xampp\htdocs\ventaspintura\app\Models\Users.php(21): CodeIgniter\Model->__call('get', Array)
#6 C:\xampp\htdocs\ventaspintura\app\Controllers\User.php(159): App\Models\Users->obtenerUsuario(Array)
#7 C:\xampp\htdocs\ventaspintura\system\CodeIgniter.php(934): App\Controllers\User->actualizar()
#8 C:\xampp\htdocs\ventaspintura\system\CodeIgniter.php(499): CodeIgniter\CodeIgniter->runController(Object(App\Controllers\User))
#9 C:\xampp\htdocs\ventaspintura\system\CodeIgniter.php(368): CodeIgniter\CodeIgniter->handleRequest(NULL, Object(Config\Cache), false)
#10 C:\xampp\htdocs\ventaspintura\public\index.php(67): CodeIgniter\CodeIgniter->run()
#11 {main}
CRITICAL - 2023-05-10 06:41:14 --> Illegal parameter data types varchar and row for operation '='
in SYSTEMPATH\Database\MySQLi\Connection.php on line 295.
 1 SYSTEMPATH\Database\MySQLi\Connection.php(295): mysqli->query('SELECT *
FROM `usuarios`
WHERE `usuario` = (\'26\',\'admin1231\',\'$2y$10$FudUGTMTxdG9E6YP5iCuuOL5YaxpCEDeTvrT19tPH/iZ6JTonkaE.\',\'1\',\'2\',\'1683698472_0dd099d8eb09b973f260.jpg\',\'1\')', 0)
 2 SYSTEMPATH\Database\BaseConnection.php(691): CodeIgniter\Database\MySQLi\Connection->execute('SELECT *
FROM `usuarios`
WHERE `usuario` = (\'26\',\'admin1231\',\'$2y$10$FudUGTMTxdG9E6YP5iCuuOL5YaxpCEDeTvrT19tPH/iZ6JTonkaE.\',\'1\',\'2\',\'1683698472_0dd099d8eb09b973f260.jpg\',\'1\')')
 3 SYSTEMPATH\Database\BaseConnection.php(605): CodeIgniter\Database\BaseConnection->simpleQuery('SELECT *
FROM `usuarios`
WHERE `usuario` = (\'26\',\'admin1231\',\'$2y$10$FudUGTMTxdG9E6YP5iCuuOL5YaxpCEDeTvrT19tPH/iZ6JTonkaE.\',\'1\',\'2\',\'1683698472_0dd099d8eb09b973f260.jpg\',\'1\')')
 4 SYSTEMPATH\Database\BaseBuilder.php(1616): CodeIgniter\Database\BaseConnection->query('SELECT *
FROM `usuarios`
WHERE `usuario` = :usuario:', [...], false)
 5 SYSTEMPATH\Model.php(840): CodeIgniter\Database\BaseBuilder->get()
 6 APPPATH\Models\Users.php(21): CodeIgniter\Model->__call('get', [])
 7 APPPATH\Controllers\User.php(159): App\Models\Users->obtenerUsuario([...])
 8 SYSTEMPATH\CodeIgniter.php(934): App\Controllers\User->actualizar()
 9 SYSTEMPATH\CodeIgniter.php(499): CodeIgniter\CodeIgniter->runController(Object(App\Controllers\User))
10 SYSTEMPATH\CodeIgniter.php(368): CodeIgniter\CodeIgniter->handleRequest(null, Object(Config\Cache), false)
11 FCPATH\index.php(67): CodeIgniter\CodeIgniter->run()
ERROR - 2023-05-10 20:52:10 --> mysqli_sql_exception: Illegal parameter data types varchar and row for operation '=' in C:\xampp\htdocs\ventaspintura\system\Database\MySQLi\Connection.php:295
Stack trace:
#0 C:\xampp\htdocs\ventaspintura\system\Database\MySQLi\Connection.php(295): mysqli->query('SELECT *\nFROM `...', 0)
#1 C:\xampp\htdocs\ventaspintura\system\Database\BaseConnection.php(691): CodeIgniter\Database\MySQLi\Connection->execute('SELECT *\nFROM `...')
#2 C:\xampp\htdocs\ventaspintura\system\Database\BaseConnection.php(605): CodeIgniter\Database\BaseConnection->simpleQuery('SELECT *\nFROM `...')
#3 C:\xampp\htdocs\ventaspintura\system\Database\BaseBuilder.php(1616): CodeIgniter\Database\BaseConnection->query('SELECT *\nFROM `...', Array, false)
#4 C:\xampp\htdocs\ventaspintura\system\Model.php(840): CodeIgniter\Database\BaseBuilder->get()
#5 C:\xampp\htdocs\ventaspintura\app\Models\Users.php(21): CodeIgniter\Model->__call('get', Array)
#6 C:\xampp\htdocs\ventaspintura\app\Controllers\User.php(159): App\Models\Users->obtenerUsuario(Array)
#7 C:\xampp\htdocs\ventaspintura\system\CodeIgniter.php(934): App\Controllers\User->actualizar()
#8 C:\xampp\htdocs\ventaspintura\system\CodeIgniter.php(499): CodeIgniter\CodeIgniter->runController(Object(App\Controllers\User))
#9 C:\xampp\htdocs\ventaspintura\system\CodeIgniter.php(368): CodeIgniter\CodeIgniter->handleRequest(NULL, Object(Config\Cache), false)
#10 C:\xampp\htdocs\ventaspintura\public\index.php(67): CodeIgniter\CodeIgniter->run()
#11 {main}
CRITICAL - 2023-05-10 20:52:10 --> Illegal parameter data types varchar and row for operation '='
in SYSTEMPATH\Database\MySQLi\Connection.php on line 295.
 1 SYSTEMPATH\Database\MySQLi\Connection.php(295): mysqli->query('SELECT *
FROM `usuarios`
WHERE `usuario` = (\'26\',\'admin123\',\'$2y$10$FudUGTMTxdG9E6YP5iCuuOL5YaxpCEDeTvrT19tPH/iZ6JTonkaE.\',\'1\',\'2\',\'1683698472_0dd099d8eb09b973f260.jpg\',\'1\')', 0)
 2 SYSTEMPATH\Database\BaseConnection.php(691): CodeIgniter\Database\MySQLi\Connection->execute('SELECT *
FROM `usuarios`
WHERE `usuario` = (\'26\',\'admin123\',\'$2y$10$FudUGTMTxdG9E6YP5iCuuOL5YaxpCEDeTvrT19tPH/iZ6JTonkaE.\',\'1\',\'2\',\'1683698472_0dd099d8eb09b973f260.jpg\',\'1\')')
 3 SYSTEMPATH\Database\BaseConnection.php(605): CodeIgniter\Database\BaseConnection->simpleQuery('SELECT *
FROM `usuarios`
WHERE `usuario` = (\'26\',\'admin123\',\'$2y$10$FudUGTMTxdG9E6YP5iCuuOL5YaxpCEDeTvrT19tPH/iZ6JTonkaE.\',\'1\',\'2\',\'1683698472_0dd099d8eb09b973f260.jpg\',\'1\')')
 4 SYSTEMPATH\Database\BaseBuilder.php(1616): CodeIgniter\Database\BaseConnection->query('SELECT *
FROM `usuarios`
WHERE `usuario` = :usuario:', [...], false)
 5 SYSTEMPATH\Model.php(840): CodeIgniter\Database\BaseBuilder->get()
 6 APPPATH\Models\Users.php(21): CodeIgniter\Model->__call('get', [])
 7 APPPATH\Controllers\User.php(159): App\Models\Users->obtenerUsuario([...])
 8 SYSTEMPATH\CodeIgniter.php(934): App\Controllers\User->actualizar()
 9 SYSTEMPATH\CodeIgniter.php(499): CodeIgniter\CodeIgniter->runController(Object(App\Controllers\User))
10 SYSTEMPATH\CodeIgniter.php(368): CodeIgniter\CodeIgniter->handleRequest(null, Object(Config\Cache), false)
11 FCPATH\index.php(67): CodeIgniter\CodeIgniter->run()
CRITICAL - 2023-05-10 21:25:36 --> Cannot declare class App\Controllers\Personas because the name is already in use
in APPPATH\Controllers\Personas.php on line 7.
 1 [internal function]: CodeIgniter\Debug\Exceptions->shutdownHandler()
CRITICAL - 2023-05-10 21:28:38 --> Undefined variable $data
in APPPATH\Controllers\Persona.php on line 9.
 1 APPPATH\Controllers\Persona.php(9): CodeIgniter\Debug\Exceptions->errorHandler(2, 'Undefined variable $data', 'C:\\xampp\\htdocs\\ventaspintura\\app\\Controllers\\Persona.php', 9)
 2 SYSTEMPATH\CodeIgniter.php(934): App\Controllers\Persona->index()
 3 SYSTEMPATH\CodeIgniter.php(499): CodeIgniter\CodeIgniter->runController(Object(App\Controllers\Persona))
 4 SYSTEMPATH\CodeIgniter.php(368): CodeIgniter\CodeIgniter->handleRequest(null, Object(Config\Cache), false)
 5 FCPATH\index.php(67): CodeIgniter\CodeIgniter->run()
CRITICAL - 2023-05-10 21:29:11 --> Undefined variable $data
in APPPATH\Controllers\Persona.php on line 9.
 1 APPPATH\Controllers\Persona.php(9): CodeIgniter\Debug\Exceptions->errorHandler(2, 'Undefined variable $data', 'C:\\xampp\\htdocs\\ventaspintura\\app\\Controllers\\Persona.php', 9)
 2 SYSTEMPATH\CodeIgniter.php(934): App\Controllers\Persona->index()
 3 SYSTEMPATH\CodeIgniter.php(499): CodeIgniter\CodeIgniter->runController(Object(App\Controllers\Persona))
 4 SYSTEMPATH\CodeIgniter.php(368): CodeIgniter\CodeIgniter->handleRequest(null, Object(Config\Cache), false)
 5 FCPATH\index.php(67): CodeIgniter\CodeIgniter->run()
CRITICAL - 2023-05-10 21:29:40 --> Cannot declare class App\Controllers\Personas because the name is already in use
in APPPATH\Controllers\Persona.php on line 7.
 1 [internal function]: CodeIgniter\Debug\Exceptions->shutdownHandler()
CRITICAL - 2023-05-10 21:30:19 --> Cannot declare class App\Controllers\Personas because the name is already in use
in APPPATH\Controllers\Persona.php on line 7.
 1 [internal function]: CodeIgniter\Debug\Exceptions->shutdownHandler()
CRITICAL - 2023-05-10 21:30:25 --> Cannot declare class App\Controllers\Personas because the name is already in use
in APPPATH\Controllers\Persona.php on line 7.
 1 [internal function]: CodeIgniter\Debug\Exceptions->shutdownHandler()
CRITICAL - 2023-05-10 21:32:40 --> Cannot declare class App\Controllers\Personas because the name is already in use
in APPPATH\Controllers\Persona.php on line 7.
 1 [internal function]: CodeIgniter\Debug\Exceptions->shutdownHandler()
CRITICAL - 2023-05-10 21:32:52 --> Undefined variable $usuarios
in APPPATH\Views\personas\index.php on line 54.
 1 APPPATH\Views\personas\index.php(54): CodeIgniter\Debug\Exceptions->errorHandler(2, 'Undefined variable $usuarios', 'C:\\xampp\\htdocs\\ventaspintura\\app\\Views\\personas\\index.php', 54)
 2 SYSTEMPATH\View\View.php(213): include('C:\\xampp\\htdocs\\ventaspintura\\app\\Views\\personas\\index.php')
 3 SYSTEMPATH\View\View.php(216): CodeIgniter\View\View->CodeIgniter\View\{closure}()
 4 SYSTEMPATH\Common.php(1184): CodeIgniter\View\View->render('personas/index', [], true)
 5 APPPATH\Controllers\Persona.php(13): view('personas/index', [...])
 6 SYSTEMPATH\CodeIgniter.php(934): App\Controllers\Persona->index()
 7 SYSTEMPATH\CodeIgniter.php(499): CodeIgniter\CodeIgniter->runController(Object(App\Controllers\Persona))
 8 SYSTEMPATH\CodeIgniter.php(368): CodeIgniter\CodeIgniter->handleRequest(null, Object(Config\Cache), false)
 9 FCPATH\index.php(67): CodeIgniter\CodeIgniter->run()
CRITICAL - 2023-05-10 21:36:08 --> Undefined variable $usuarios
in APPPATH\Views\personas\index.php on line 54.
 1 APPPATH\Views\personas\index.php(54): CodeIgniter\Debug\Exceptions->errorHandler(2, 'Undefined variable $usuarios', 'C:\\xampp\\htdocs\\ventaspintura\\app\\Views\\personas\\index.php', 54)
 2 SYSTEMPATH\View\View.php(213): include('C:\\xampp\\htdocs\\ventaspintura\\app\\Views\\personas\\index.php')
 3 SYSTEMPATH\View\View.php(216): CodeIgniter\View\View->CodeIgniter\View\{closure}()
 4 SYSTEMPATH\Common.php(1184): CodeIgniter\View\View->render('personas/index', [], true)
 5 APPPATH\Controllers\Persona.php(13): view('personas/index', [...])
 6 SYSTEMPATH\CodeIgniter.php(934): App\Controllers\Persona->index()
 7 SYSTEMPATH\CodeIgniter.php(499): CodeIgniter\CodeIgniter->runController(Object(App\Controllers\Persona))
 8 SYSTEMPATH\CodeIgniter.php(368): CodeIgniter\CodeIgniter->handleRequest(null, Object(Config\Cache), false)
 9 FCPATH\index.php(67): CodeIgniter\CodeIgniter->run()
CRITICAL - 2023-05-10 21:50:17 --> Undefined array key "persona"
in APPPATH\Views\personas\index.php on line 57.
 1 APPPATH\Views\personas\index.php(57): CodeIgniter\Debug\Exceptions->errorHandler(2, 'Undefined array key "persona"', 'C:\\xampp\\htdocs\\ventaspintura\\app\\Views\\personas\\index.php', 57)
 2 SYSTEMPATH\View\View.php(213): include('C:\\xampp\\htdocs\\ventaspintura\\app\\Views\\personas\\index.php')
 3 SYSTEMPATH\View\View.php(216): CodeIgniter\View\View->CodeIgniter\View\{closure}()
 4 SYSTEMPATH\Common.php(1184): CodeIgniter\View\View->render('personas/index', [], true)
 5 APPPATH\Controllers\Persona.php(13): view('personas/index', [...])
 6 SYSTEMPATH\CodeIgniter.php(934): App\Controllers\Persona->index()
 7 SYSTEMPATH\CodeIgniter.php(499): CodeIgniter\CodeIgniter->runController(Object(App\Controllers\Persona))
 8 SYSTEMPATH\CodeIgniter.php(368): CodeIgniter\CodeIgniter->handleRequest(null, Object(Config\Cache), false)
 9 FCPATH\index.php(67): CodeIgniter\CodeIgniter->run()
CRITICAL - 2023-05-10 21:50:23 --> Undefined array key "usuario"
in APPPATH\Views\personas\index.php on line 58.
 1 APPPATH\Views\personas\index.php(58): CodeIgniter\Debug\Exceptions->errorHandler(2, 'Undefined array key "usuario"', 'C:\\xampp\\htdocs\\ventaspintura\\app\\Views\\personas\\index.php', 58)
 2 SYSTEMPATH\View\View.php(213): include('C:\\xampp\\htdocs\\ventaspintura\\app\\Views\\personas\\index.php')
 3 SYSTEMPATH\View\View.php(216): CodeIgniter\View\View->CodeIgniter\View\{closure}()
 4 SYSTEMPATH\Common.php(1184): CodeIgniter\View\View->render('personas/index', [], true)
 5 APPPATH\Controllers\Persona.php(13): view('personas/index', [...])
 6 SYSTEMPATH\CodeIgniter.php(934): App\Controllers\Persona->index()
 7 SYSTEMPATH\CodeIgniter.php(499): CodeIgniter\CodeIgniter->runController(Object(App\Controllers\Persona))
 8 SYSTEMPATH\CodeIgniter.php(368): CodeIgniter\CodeIgniter->handleRequest(null, Object(Config\Cache), false)
 9 FCPATH\index.php(67): CodeIgniter\CodeIgniter->run()
CRITICAL - 2023-05-10 21:53:01 --> Undefined array key "usuario"
in APPPATH\Views\personas\index.php on line 58.
 1 APPPATH\Views\personas\index.php(58): CodeIgniter\Debug\Exceptions->errorHandler(2, 'Undefined array key "usuario"', 'C:\\xampp\\htdocs\\ventaspintura\\app\\Views\\personas\\index.php', 58)
 2 SYSTEMPATH\View\View.php(213): include('C:\\xampp\\htdocs\\ventaspintura\\app\\Views\\personas\\index.php')
 3 SYSTEMPATH\View\View.php(216): CodeIgniter\View\View->CodeIgniter\View\{closure}()
 4 SYSTEMPATH\Common.php(1184): CodeIgniter\View\View->render('personas/index', [], true)
 5 APPPATH\Controllers\Persona.php(13): view('personas/index', [...])
 6 SYSTEMPATH\CodeIgniter.php(934): App\Controllers\Persona->index()
 7 SYSTEMPATH\CodeIgniter.php(499): CodeIgniter\CodeIgniter->runController(Object(App\Controllers\Persona))
 8 SYSTEMPATH\CodeIgniter.php(368): CodeIgniter\CodeIgniter->handleRequest(null, Object(Config\Cache), false)
 9 FCPATH\index.php(67): CodeIgniter\CodeIgniter->run()
CRITICAL - 2023-05-10 21:53:17 --> Undefined array key "rol_usuario"
in APPPATH\Views\personas\index.php on line 58.
 1 APPPATH\Views\personas\index.php(58): CodeIgniter\Debug\Exceptions->errorHandler(2, 'Undefined array key "rol_usuario"', 'C:\\xampp\\htdocs\\ventaspintura\\app\\Views\\personas\\index.php', 58)
 2 SYSTEMPATH\View\View.php(213): include('C:\\xampp\\htdocs\\ventaspintura\\app\\Views\\personas\\index.php')
 3 SYSTEMPATH\View\View.php(216): CodeIgniter\View\View->CodeIgniter\View\{closure}()
 4 SYSTEMPATH\Common.php(1184): CodeIgniter\View\View->render('personas/index', [], true)
 5 APPPATH\Controllers\Persona.php(13): view('personas/index', [...])
 6 SYSTEMPATH\CodeIgniter.php(934): App\Controllers\Persona->index()
 7 SYSTEMPATH\CodeIgniter.php(499): CodeIgniter\CodeIgniter->runController(Object(App\Controllers\Persona))
 8 SYSTEMPATH\CodeIgniter.php(368): CodeIgniter\CodeIgniter->handleRequest(null, Object(Config\Cache), false)
 9 FCPATH\index.php(67): CodeIgniter\CodeIgniter->run()
CRITICAL - 2023-05-10 22:08:19 --> Undefined variable $personas
in APPPATH\Views\personas\index.php on line 51.
 1 APPPATH\Views\personas\index.php(51): CodeIgniter\Debug\Exceptions->errorHandler(2, 'Undefined variable $personas', 'C:\\xampp\\htdocs\\ventaspintura\\app\\Views\\personas\\index.php', 51)
 2 SYSTEMPATH\View\View.php(213): include('C:\\xampp\\htdocs\\ventaspintura\\app\\Views\\personas\\index.php')
 3 SYSTEMPATH\View\View.php(216): CodeIgniter\View\View->CodeIgniter\View\{closure}()
 4 SYSTEMPATH\Common.php(1184): CodeIgniter\View\View->render('personas/index', [], true)
 5 APPPATH\Controllers\Persona.php(13): view('personas/index', [...])
 6 SYSTEMPATH\CodeIgniter.php(934): App\Controllers\Persona->index()
 7 SYSTEMPATH\CodeIgniter.php(499): CodeIgniter\CodeIgniter->runController(Object(App\Controllers\Persona))
 8 SYSTEMPATH\CodeIgniter.php(368): CodeIgniter\CodeIgniter->handleRequest(null, Object(Config\Cache), false)
 9 FCPATH\index.php(67): CodeIgniter\CodeIgniter->run()
CRITICAL - 2023-05-10 22:09:58 --> Undefined array key "ex_cliente"
in APPPATH\Views\personas\index.php on line 56.
 1 APPPATH\Views\personas\index.php(56): CodeIgniter\Debug\Exceptions->errorHandler(2, 'Undefined array key "ex_cliente"', 'C:\\xampp\\htdocs\\ventaspintura\\app\\Views\\personas\\index.php', 56)
 2 SYSTEMPATH\View\View.php(213): include('C:\\xampp\\htdocs\\ventaspintura\\app\\Views\\personas\\index.php')
 3 SYSTEMPATH\View\View.php(216): CodeIgniter\View\View->CodeIgniter\View\{closure}()
 4 SYSTEMPATH\Common.php(1184): CodeIgniter\View\View->render('personas/index', [], true)
 5 APPPATH\Controllers\Persona.php(13): view('personas/index', [...])
 6 SYSTEMPATH\CodeIgniter.php(934): App\Controllers\Persona->index()
 7 SYSTEMPATH\CodeIgniter.php(499): CodeIgniter\CodeIgniter->runController(Object(App\Controllers\Persona))
 8 SYSTEMPATH\CodeIgniter.php(368): CodeIgniter\CodeIgniter->handleRequest(null, Object(Config\Cache), false)
 9 FCPATH\index.php(67): CodeIgniter\CodeIgniter->run()
