CRITICAL - 2023-05-04 01:55:41 --> Argument 2 passed to view() must be of the type array, string given, called in C:\xampp\htdocs\ventaspintura\app\Controllers\Dashboard.php on line 10
in SYSTEMPATH\Common.php on line 1172.
 1 APPPATH\Controllers\Dashboard.php(10): view('Dashboard/index', 'Dasboard')
 2 SYSTEMPATH\CodeIgniter.php(934): App\Controllers\Dashboard->index()
 3 SYSTEMPATH\CodeIgniter.php(499): CodeIgniter\CodeIgniter->runController(Object(App\Controllers\Dashboard))
 4 SYSTEMPATH\CodeIgniter.php(368): CodeIgniter\CodeIgniter->handleRequest(null, Object(Config\Cache), false)
 5 FCPATH\index.php(67): CodeIgniter\CodeIgniter->run()
 6 SYSTEMPATH\Commands\Server\rewrite.php(47): require_once('C:\\xampp\\htdocs\\ventaspintura\\public\\index.php')
CRITICAL - 2023-05-04 01:55:49 --> Argument 2 passed to view() must be of the type array, string given, called in C:\xampp\htdocs\ventaspintura\app\Controllers\Dashboard.php on line 10
in SYSTEMPATH\Common.php on line 1172.
 1 APPPATH\Controllers\Dashboard.php(10): view('Dashboard/index', 'Dasboard')
 2 SYSTEMPATH\CodeIgniter.php(934): App\Controllers\Dashboard->index()
 3 SYSTEMPATH\CodeIgniter.php(499): CodeIgniter\CodeIgniter->runController(Object(App\Controllers\Dashboard))
 4 SYSTEMPATH\CodeIgniter.php(368): CodeIgniter\CodeIgniter->handleRequest(null, Object(Config\Cache), false)
 5 FCPATH\index.php(67): CodeIgniter\CodeIgniter->run()
 6 SYSTEMPATH\Commands\Server\rewrite.php(47): require_once('C:\\xampp\\htdocs\\ventaspintura\\public\\index.php')
CRITICAL - 2023-05-04 01:56:00 --> Argument 2 passed to view() must be of the type array, string given, called in C:\xampp\htdocs\ventaspintura\app\Controllers\Dashboard.php on line 10
in SYSTEMPATH\Common.php on line 1172.
 1 APPPATH\Controllers\Dashboard.php(10): view('Dashboard/index', 'Dasboard')
 2 SYSTEMPATH\CodeIgniter.php(934): App\Controllers\Dashboard->index()
 3 SYSTEMPATH\CodeIgniter.php(499): CodeIgniter\CodeIgniter->runController(Object(App\Controllers\Dashboard))
 4 SYSTEMPATH\CodeIgniter.php(368): CodeIgniter\CodeIgniter->handleRequest(null, Object(Config\Cache), false)
 5 FCPATH\index.php(67): CodeIgniter\CodeIgniter->run()
 6 SYSTEMPATH\Commands\Server\rewrite.php(47): require_once('C:\\xampp\\htdocs\\ventaspintura\\public\\index.php')
CRITICAL - 2023-05-04 01:56:02 --> Argument 2 passed to view() must be of the type array, string given, called in C:\xampp\htdocs\ventaspintura\app\Controllers\Dashboard.php on line 10
in SYSTEMPATH\Common.php on line 1172.
 1 APPPATH\Controllers\Dashboard.php(10): view('Dashboard/index', 'Dasboard')
 2 SYSTEMPATH\CodeIgniter.php(934): App\Controllers\Dashboard->index()
 3 SYSTEMPATH\CodeIgniter.php(499): CodeIgniter\CodeIgniter->runController(Object(App\Controllers\Dashboard))
 4 SYSTEMPATH\CodeIgniter.php(368): CodeIgniter\CodeIgniter->handleRequest(null, Object(Config\Cache), false)
 5 FCPATH\index.php(67): CodeIgniter\CodeIgniter->run()
 6 SYSTEMPATH\Commands\Server\rewrite.php(47): require_once('C:\\xampp\\htdocs\\ventaspintura\\public\\index.php')
CRITICAL - 2023-05-04 01:57:07 --> Argument 2 passed to view() must be of the type array, string given, called in C:\xampp\htdocs\ventaspintura\app\Controllers\Dashboard.php on line 10
in SYSTEMPATH\Common.php on line 1172.
 1 APPPATH\Controllers\Dashboard.php(10): view('Dashboard/index', 'Dashboard')
 2 SYSTEMPATH\CodeIgniter.php(934): App\Controllers\Dashboard->index()
 3 SYSTEMPATH\CodeIgniter.php(499): CodeIgniter\CodeIgniter->runController(Object(App\Controllers\Dashboard))
 4 SYSTEMPATH\CodeIgniter.php(368): CodeIgniter\CodeIgniter->handleRequest(null, Object(Config\Cache), false)
 5 FCPATH\index.php(67): CodeIgniter\CodeIgniter->run()
 6 SYSTEMPATH\Commands\Server\rewrite.php(47): require_once('C:\\xampp\\htdocs\\ventaspintura\\public\\index.php')
CRITICAL - 2023-05-04 01:58:51 --> Argument 2 passed to view() must be of the type array, string given, called in C:\xampp\htdocs\ventaspintura\app\Controllers\Dashboard.php on line 10
in SYSTEMPATH\Common.php on line 1172.
 1 APPPATH\Controllers\Dashboard.php(10): view('Dashboard/index', 'Dashboard')
 2 SYSTEMPATH\CodeIgniter.php(934): App\Controllers\Dashboard->index()
 3 SYSTEMPATH\CodeIgniter.php(499): CodeIgniter\CodeIgniter->runController(Object(App\Controllers\Dashboard))
 4 SYSTEMPATH\CodeIgniter.php(368): CodeIgniter\CodeIgniter->handleRequest(null, Object(Config\Cache), false)
 5 FCPATH\index.php(67): CodeIgniter\CodeIgniter->run()
 6 SYSTEMPATH\Commands\Server\rewrite.php(47): require_once('C:\\xampp\\htdocs\\ventaspintura\\public\\index.php')
CRITICAL - 2023-05-04 02:00:19 --> syntax error, unexpected '=>' (T_DOUBLE_ARROW), expecting ';' or ','
in APPPATH\Views\templates\admin_template.php on line 6.
 1 SYSTEMPATH\View\View.php(216): CodeIgniter\View\View->CodeIgniter\View\{closure}()
 2 SYSTEMPATH\View\View.php(229): CodeIgniter\View\View->render('templates/admin_template', [], true)
 3 SYSTEMPATH\Common.php(1184): CodeIgniter\View\View->render('Dashboard/index', [], true)
 4 APPPATH\Controllers\Dashboard.php(10): view('Dashboard/index', [...])
 5 SYSTEMPATH\CodeIgniter.php(934): App\Controllers\Dashboard->index()
 6 SYSTEMPATH\CodeIgniter.php(499): CodeIgniter\CodeIgniter->runController(Object(App\Controllers\Dashboard))
 7 SYSTEMPATH\CodeIgniter.php(368): CodeIgniter\CodeIgniter->handleRequest(null, Object(Config\Cache), false)
 8 FCPATH\index.php(67): CodeIgniter\CodeIgniter->run()
 9 SYSTEMPATH\Commands\Server\rewrite.php(47): require_once('C:\\xampp\\htdocs\\ventaspintura\\public\\index.php')
CRITICAL - 2023-05-04 02:01:37 --> syntax error, unexpected '?>'
in APPPATH\Views\dashboard\index.php on line 4.
 1 SYSTEMPATH\View\View.php(216): CodeIgniter\View\View->CodeIgniter\View\{closure}()
 2 SYSTEMPATH\Common.php(1184): CodeIgniter\View\View->render('Dashboard/index', [], true)
 3 APPPATH\Controllers\Dashboard.php(10): view('Dashboard/index', [...])
 4 SYSTEMPATH\CodeIgniter.php(934): App\Controllers\Dashboard->index()
 5 SYSTEMPATH\CodeIgniter.php(499): CodeIgniter\CodeIgniter->runController(Object(App\Controllers\Dashboard))
 6 SYSTEMPATH\CodeIgniter.php(368): CodeIgniter\CodeIgniter->handleRequest(null, Object(Config\Cache), false)
 7 FCPATH\index.php(67): CodeIgniter\CodeIgniter->run()
CRITICAL - 2023-05-04 02:03:25 --> syntax error, unexpected '?>'
in APPPATH\Views\dashboard\index.php on line 4.
 1 SYSTEMPATH\View\View.php(216): CodeIgniter\View\View->CodeIgniter\View\{closure}()
 2 SYSTEMPATH\Common.php(1184): CodeIgniter\View\View->render('Dashboard/index', [], true)
 3 APPPATH\Controllers\Dashboard.php(10): view('Dashboard/index', [...])
 4 SYSTEMPATH\CodeIgniter.php(934): App\Controllers\Dashboard->index()
 5 SYSTEMPATH\CodeIgniter.php(499): CodeIgniter\CodeIgniter->runController(Object(App\Controllers\Dashboard))
 6 SYSTEMPATH\CodeIgniter.php(368): CodeIgniter\CodeIgniter->handleRequest(null, Object(Config\Cache), false)
 7 FCPATH\index.php(67): CodeIgniter\CodeIgniter->run()
CRITICAL - 2023-05-04 02:03:42 --> syntax error, unexpected '?>'
in APPPATH\Views\dashboard\index.php on line 4.
 1 SYSTEMPATH\View\View.php(216): CodeIgniter\View\View->CodeIgniter\View\{closure}()
 2 SYSTEMPATH\Common.php(1184): CodeIgniter\View\View->render('Dashboard/index', [], true)
 3 APPPATH\Controllers\Dashboard.php(10): view('Dashboard/index', [...])
 4 SYSTEMPATH\CodeIgniter.php(934): App\Controllers\Dashboard->index()
 5 SYSTEMPATH\CodeIgniter.php(499): CodeIgniter\CodeIgniter->runController(Object(App\Controllers\Dashboard))
 6 SYSTEMPATH\CodeIgniter.php(368): CodeIgniter\CodeIgniter->handleRequest(null, Object(Config\Cache), false)
 7 FCPATH\index.php(67): CodeIgniter\CodeIgniter->run()
CRITICAL - 2023-05-04 02:05:18 --> Call to undefined method CodeIgniter\View\View::endse1n()
in APPPATH\Views\dashboard\index.php on line 4.
 1 SYSTEMPATH\View\View.php(213): include()
 2 SYSTEMPATH\View\View.php(216): CodeIgniter\View\View->CodeIgniter\View\{closure}()
 3 SYSTEMPATH\Common.php(1184): CodeIgniter\View\View->render('Dashboard/index', [], true)
 4 APPPATH\Controllers\Dashboard.php(10): view('Dashboard/index', [...])
 5 SYSTEMPATH\CodeIgniter.php(934): App\Controllers\Dashboard->index()
 6 SYSTEMPATH\CodeIgniter.php(499): CodeIgniter\CodeIgniter->runController(Object(App\Controllers\Dashboard))
 7 SYSTEMPATH\CodeIgniter.php(368): CodeIgniter\CodeIgniter->handleRequest(null, Object(Config\Cache), false)
 8 FCPATH\index.php(67): CodeIgniter\CodeIgniter->run()
 9 SYSTEMPATH\Commands\Server\rewrite.php(47): require_once('C:\\xampp\\htdocs\\ventaspintura\\public\\index.php')
CRITICAL - 2023-05-04 02:21:24 --> Argument 1 passed to CodeIgniter\View\View::renderSection() must be of the type string, null given, called in C:\xampp\htdocs\ventaspintura\app\Views\templates\admin_template.php on line 6
in SYSTEMPATH\View\View.php on line 410.
 1 APPPATH\Views\templates\admin_template.php(6): CodeIgniter\View\View->renderSection(null)
 2 SYSTEMPATH\View\View.php(213): include('C:\\xampp\\htdocs\\ventaspintura\\app\\Views\\templates\\admin_template.php')
 3 SYSTEMPATH\View\View.php(216): CodeIgniter\View\View->CodeIgniter\View\{closure}()
 4 SYSTEMPATH\View\View.php(229): CodeIgniter\View\View->render('templates/admin_template', [], true)
 5 SYSTEMPATH\Common.php(1184): CodeIgniter\View\View->render('Dashboard/index', [], true)
 6 APPPATH\Controllers\Dashboard.php(10): view('Dashboard/index', [...])
 7 SYSTEMPATH\CodeIgniter.php(934): App\Controllers\Dashboard->index()
 8 SYSTEMPATH\CodeIgniter.php(499): CodeIgniter\CodeIgniter->runController(Object(App\Controllers\Dashboard))
 9 SYSTEMPATH\CodeIgniter.php(368): CodeIgniter\CodeIgniter->handleRequest(null, Object(Config\Cache), false)
10 FCPATH\index.php(67): CodeIgniter\CodeIgniter->run()
11 SYSTEMPATH\Commands\Server\rewrite.php(47): require_once('C:\\xampp\\htdocs\\ventaspintura\\public\\index.php')
CRITICAL - 2023-05-04 02:25:19 --> Argument 2 passed to view() must be of the type array, string given, called in C:\xampp\htdocs\ventaspintura\app\Controllers\Dashboard.php on line 10
in SYSTEMPATH\Common.php on line 1172.
 1 APPPATH\Controllers\Dashboard.php(10): view('Dashboard/index', 'Dashboard')
 2 SYSTEMPATH\CodeIgniter.php(934): App\Controllers\Dashboard->index()
 3 SYSTEMPATH\CodeIgniter.php(499): CodeIgniter\CodeIgniter->runController(Object(App\Controllers\Dashboard))
 4 SYSTEMPATH\CodeIgniter.php(368): CodeIgniter\CodeIgniter->handleRequest(null, Object(Config\Cache), false)
 5 FCPATH\index.php(67): CodeIgniter\CodeIgniter->run()
 6 SYSTEMPATH\Commands\Server\rewrite.php(47): require_once('C:\\xampp\\htdocs\\ventaspintura\\public\\index.php')
CRITICAL - 2023-05-04 21:37:27 --> Invalid file: "Dashboard/registro.php"
in SYSTEMPATH\Exceptions\FrameworkException.php on line 33.
 1 SYSTEMPATH\View\View.php(201): CodeIgniter\Exceptions\FrameworkException::forInvalidFile('Dashboard/registro.php')
 2 SYSTEMPATH\Common.php(1184): CodeIgniter\View\View->render('Dashboard/registro', [], true)
 3 APPPATH\Controllers\Login.php(16): view('Dashboard/registro', [...])
 4 SYSTEMPATH\CodeIgniter.php(934): App\Controllers\Login->registro()
 5 SYSTEMPATH\CodeIgniter.php(499): CodeIgniter\CodeIgniter->runController(Object(App\Controllers\Login))
 6 SYSTEMPATH\CodeIgniter.php(368): CodeIgniter\CodeIgniter->handleRequest(null, Object(Config\Cache), false)
 7 FCPATH\index.php(67): CodeIgniter\CodeIgniter->run()
CRITICAL - 2023-05-04 21:48:07 --> Class 'App\Controllers\Users' not found
in APPPATH\Controllers\Login.php on line 20.
 1 SYSTEMPATH\CodeIgniter.php(934): App\Controllers\Login->guardar()
 2 SYSTEMPATH\CodeIgniter.php(499): CodeIgniter\CodeIgniter->runController(Object(App\Controllers\Login))
 3 SYSTEMPATH\CodeIgniter.php(368): CodeIgniter\CodeIgniter->handleRequest(null, Object(Config\Cache), false)
 4 FCPATH\index.php(67): CodeIgniter\CodeIgniter->run()
CRITICAL - 2023-05-04 21:50:01 --> Class 'App\Controllers\Users' not found
in APPPATH\Controllers\Login.php on line 20.
 1 SYSTEMPATH\CodeIgniter.php(934): App\Controllers\Login->guardar()
 2 SYSTEMPATH\CodeIgniter.php(499): CodeIgniter\CodeIgniter->runController(Object(App\Controllers\Login))
 3 SYSTEMPATH\CodeIgniter.php(368): CodeIgniter\CodeIgniter->handleRequest(null, Object(Config\Cache), false)
 4 FCPATH\index.php(67): CodeIgniter\CodeIgniter->run()
CRITICAL - 2023-05-04 21:50:24 --> Call to undefined method App\Controllers\Login::guardarUsuario()
in APPPATH\Controllers\Login.php on line 28.
 1 SYSTEMPATH\CodeIgniter.php(934): App\Controllers\Login->guardar()
 2 SYSTEMPATH\CodeIgniter.php(499): CodeIgniter\CodeIgniter->runController(Object(App\Controllers\Login))
 3 SYSTEMPATH\CodeIgniter.php(368): CodeIgniter\CodeIgniter->handleRequest(null, Object(Config\Cache), false)
 4 FCPATH\index.php(67): CodeIgniter\CodeIgniter->run()
CRITICAL - 2023-05-04 21:51:31 --> Call to a member function getPost() on null
in APPPATH\Controllers\Login.php on line 21.
 1 APPPATH\Controllers\Login.php(28): App\Controllers\Login->guardar([...])
 2 SYSTEMPATH\CodeIgniter.php(934): App\Controllers\Login->guardar()
 3 SYSTEMPATH\CodeIgniter.php(499): CodeIgniter\CodeIgniter->runController(Object(App\Controllers\Login))
 4 SYSTEMPATH\CodeIgniter.php(368): CodeIgniter\CodeIgniter->handleRequest(null, Object(Config\Cache), false)
 5 FCPATH\index.php(67): CodeIgniter\CodeIgniter->run()
CRITICAL - 2023-05-04 22:05:31 --> Call to undefined method App\Controllers\Login::obtenerUsuario()
in APPPATH\Controllers\Login.php on line 51.
 1 SYSTEMPATH\CodeIgniter.php(934): App\Controllers\Login->guardar()
 2 SYSTEMPATH\CodeIgniter.php(499): CodeIgniter\CodeIgniter->runController(Object(App\Controllers\Login))
 3 SYSTEMPATH\CodeIgniter.php(368): CodeIgniter\CodeIgniter->handleRequest(null, Object(Config\Cache), false)
 4 FCPATH\index.php(67): CodeIgniter\CodeIgniter->run()
CRITICAL - 2023-05-04 22:05:34 --> Call to undefined method App\Controllers\Login::obtenerUsuario()
in APPPATH\Controllers\Login.php on line 51.
 1 SYSTEMPATH\CodeIgniter.php(934): App\Controllers\Login->guardar()
 2 SYSTEMPATH\CodeIgniter.php(499): CodeIgniter\CodeIgniter->runController(Object(App\Controllers\Login))
 3 SYSTEMPATH\CodeIgniter.php(368): CodeIgniter\CodeIgniter->handleRequest(null, Object(Config\Cache), false)
 4 FCPATH\index.php(67): CodeIgniter\CodeIgniter->run()
CRITICAL - 2023-05-04 22:06:18 --> Call to a member function getPost() on null
in APPPATH\Controllers\Login.php on line 21.
 1 APPPATH\Controllers\Login.php(30): App\Controllers\Login->guardar([...])
 2 SYSTEMPATH\CodeIgniter.php(934): App\Controllers\Login->guardar()
 3 SYSTEMPATH\CodeIgniter.php(499): CodeIgniter\CodeIgniter->runController(Object(App\Controllers\Login))
 4 SYSTEMPATH\CodeIgniter.php(368): CodeIgniter\CodeIgniter->handleRequest(null, Object(Config\Cache), false)
 5 FCPATH\index.php(67): CodeIgniter\CodeIgniter->run()
CRITICAL - 2023-05-04 22:06:32 --> Call to a member function getPost() on null
in APPPATH\Controllers\Login.php on line 21.
 1 APPPATH\Controllers\Login.php(30): App\Controllers\Login->guardar([...])
 2 SYSTEMPATH\CodeIgniter.php(934): App\Controllers\Login->guardar()
 3 SYSTEMPATH\CodeIgniter.php(499): CodeIgniter\CodeIgniter->runController(Object(App\Controllers\Login))
 4 SYSTEMPATH\CodeIgniter.php(368): CodeIgniter\CodeIgniter->handleRequest(null, Object(Config\Cache), false)
 5 FCPATH\index.php(67): CodeIgniter\CodeIgniter->run()
CRITICAL - 2023-05-04 22:07:12 --> Call to a member function getPost() on null
in APPPATH\Controllers\Login.php on line 23.
 1 APPPATH\Controllers\Login.php(32): App\Controllers\Login->guardar([...])
 2 SYSTEMPATH\CodeIgniter.php(934): App\Controllers\Login->guardar()
 3 SYSTEMPATH\CodeIgniter.php(499): CodeIgniter\CodeIgniter->runController(Object(App\Controllers\Login))
 4 SYSTEMPATH\CodeIgniter.php(368): CodeIgniter\CodeIgniter->handleRequest(null, Object(Config\Cache), false)
 5 FCPATH\index.php(67): CodeIgniter\CodeIgniter->run()
CRITICAL - 2023-05-04 22:07:15 --> Call to a member function getPost() on null
in APPPATH\Controllers\Login.php on line 23.
 1 APPPATH\Controllers\Login.php(32): App\Controllers\Login->guardar([...])
 2 SYSTEMPATH\CodeIgniter.php(934): App\Controllers\Login->guardar()
 3 SYSTEMPATH\CodeIgniter.php(499): CodeIgniter\CodeIgniter->runController(Object(App\Controllers\Login))
 4 SYSTEMPATH\CodeIgniter.php(368): CodeIgniter\CodeIgniter->handleRequest(null, Object(Config\Cache), false)
 5 FCPATH\index.php(67): CodeIgniter\CodeIgniter->run()
CRITICAL - 2023-05-04 22:17:53 --> Class 'App\Controllers\User' not found
in APPPATH\Controllers\Login.php on line 19.
 1 SYSTEMPATH\CodeIgniter.php(934): App\Controllers\Login->login()
 2 SYSTEMPATH\CodeIgniter.php(499): CodeIgniter\CodeIgniter->runController(Object(App\Controllers\Login))
 3 SYSTEMPATH\CodeIgniter.php(368): CodeIgniter\CodeIgniter->handleRequest(null, Object(Config\Cache), false)
 4 FCPATH\index.php(67): CodeIgniter\CodeIgniter->run()
CRITICAL - 2023-05-04 22:29:57 --> Call to undefined method App\Models\Users::obtenerUsuario1
in SYSTEMPATH\Model.php on line 842.
 1 APPPATH\Controllers\Login.php(21): CodeIgniter\Model->__call('obtenerUsuario1', [...])
 2 SYSTEMPATH\CodeIgniter.php(934): App\Controllers\Login->acceder()
 3 SYSTEMPATH\CodeIgniter.php(499): CodeIgniter\CodeIgniter->runController(Object(App\Controllers\Login))
 4 SYSTEMPATH\CodeIgniter.php(368): CodeIgniter\CodeIgniter->handleRequest(null, Object(Config\Cache), false)
 5 FCPATH\index.php(67): CodeIgniter\CodeIgniter->run()
CRITICAL - 2023-05-04 22:30:25 --> Call to undefined method App\Models\Users::obtenerUsuario1
in SYSTEMPATH\Model.php on line 842.
 1 APPPATH\Controllers\Login.php(21): CodeIgniter\Model->__call('obtenerUsuario1', [...])
 2 SYSTEMPATH\CodeIgniter.php(934): App\Controllers\Login->acceder()
 3 SYSTEMPATH\CodeIgniter.php(499): CodeIgniter\CodeIgniter->runController(Object(App\Controllers\Login))
 4 SYSTEMPATH\CodeIgniter.php(368): CodeIgniter\CodeIgniter->handleRequest(null, Object(Config\Cache), false)
 5 FCPATH\index.php(67): CodeIgniter\CodeIgniter->run()
CRITICAL - 2023-05-04 22:31:08 --> Call to a member function setFlashData() on null
in APPPATH\Controllers\Login.php on line 40.
 1 SYSTEMPATH\CodeIgniter.php(934): App\Controllers\Login->acceder()
 2 SYSTEMPATH\CodeIgniter.php(499): CodeIgniter\CodeIgniter->runController(Object(App\Controllers\Login))
 3 SYSTEMPATH\CodeIgniter.php(368): CodeIgniter\CodeIgniter->handleRequest(null, Object(Config\Cache), false)
 4 FCPATH\index.php(67): CodeIgniter\CodeIgniter->run()
